#
# There is insufficient memory for the Java Runtime Environment to continue.
# Native memory allocation (mmap) failed to map 1048576 bytes for Failed to commit area from 0x0000000711e00000 to 0x0000000711f00000 of length 1048576.
# Possible reasons:
#   The system is out of physical RAM or swap space
#   The process is running with CompressedOops enabled, and the Java Heap may be blocking the growth of the native heap
# Possible solutions:
#   Reduce memory load on the system
#   Increase physical memory or swap space
#   Check if swap backing store is full
#   Decrease Java heap size (-Xmx/-Xms)
#   Decrease number of Java threads
#   Decrease Java thread stack sizes (-Xss)
#   Set larger code cache with -XX:ReservedCodeCacheSize=
#   JVM is running with Zero Based Compressed Oops mode in which the Java heap is
#     placed in the first 32GB address space. The Java Heap base address is the
#     maximum limit for the native heap growth. Please use -XX:HeapBaseMinAddress
#     to set the Java Heap base and to place the Java Heap above 32GB virtual address.
# This output file may be truncated or incomplete.
#
#  Out of Memory Error (t:/workspace/open/src/hotspot/os/windows/os_windows.cpp:3301), pid=5616, tid=22792
#
# JRE version: Java(TM) SE Runtime Environment (13.0.1+9) (build 13.0.1+9)
# Java VM: Java HotSpot(TM) 64-Bit Server VM (13.0.1+9, mixed mode, sharing, tiered, compressed oops, g1 gc, windows-amd64)
# No core dump will be written. Minidumps are not enabled by default on client versions of Windows
#

---------------  S U M M A R Y ------------

Command Line: -Dfile.encoding=Cp1252 GameView.FirstWindow

Host: Intel(R) Core(TM) i7-6820HQ CPU @ 2.70GHz, 8 cores, 15G,  Windows 10 , 64 bit Build 18362 (10.0.18362.778)
Time: Fri May 15 09:54:21 2020 Egypt Standard Time elapsed time: 3474 seconds (0d 0h 57m 54s)

---------------  T H R E A D  ---------------

Current thread (0x000001796e638800):  GCTaskThread "GC Thread#0" [stack: 0x0000001d6e200000,0x0000001d6e300000] [id=22792]

Stack: [0x0000001d6e200000,0x0000001d6e300000]
[error occurred during error reporting (printing stack bounds), id 0xc0000005, EXCEPTION_ACCESS_VIOLATION (0xc0000005) at pc=0x00000179000010ad]

Native frames: (J=compiled Java code, j=interpreted, Vv=VM code, C=native code)
V  [jvm.dll+0x626eca]
V  [jvm.dll+0x772c6a]
V  [jvm.dll+0x77441f]
V  [jvm.dll+0x774985]
V  [jvm.dll+0x77493b]
V  [jvm.dll+0x6266ff]
C  [ntdll.dll+0x785b6]
C  [ntdll.dll+0x6a056]
C  [ntdll.dll+0x9fe3e]
C  0x00000179000010ad


---------------  P R O C E S S  ---------------

Threads class SMR info:
_java_thread_list=0x000001791567f7e0, length=16, elements={
0x000001797f1a3000, 0x000001797f1a7000, 0x000001797fa48000, 0x000001797fa4a800,
0x000001797fa4d000, 0x000001797fa5a000, 0x000001797fa5b800, 0x000001797fba8800,
0x000001797fba8000, 0x000001797fbac800, 0x000001797fbae800, 0x000001797fbac000,
0x000001797fbaa000, 0x000001797fbad800, 0x000001797fbab000, 0x00000179156b0000
}

Java Threads: ( => current thread )
  0x000001797f1a3000 JavaThread "Reference Handler" daemon [_thread_blocked, id=7860, stack(0x0000001d6e800000,0x0000001d6e900000)]
  0x000001797f1a7000 JavaThread "Finalizer" daemon [_thread_blocked, id=5160, stack(0x0000001d6e900000,0x0000001d6ea00000)]
  0x000001797fa48000 JavaThread "Signal Dispatcher" daemon [_thread_blocked, id=5112, stack(0x0000001d6ea00000,0x0000001d6eb00000)]
  0x000001797fa4a800 JavaThread "Attach Listener" daemon [_thread_blocked, id=14996, stack(0x0000001d6eb00000,0x0000001d6ec00000)]
  0x000001797fa4d000 JavaThread "C2 CompilerThread0" daemon [_thread_blocked, id=17832, stack(0x0000001d6ec00000,0x0000001d6ed00000)]
  0x000001797fa5a000 JavaThread "C1 CompilerThread0" daemon [_thread_blocked, id=25328, stack(0x0000001d6ed00000,0x0000001d6ee00000)]
  0x000001797fa5b800 JavaThread "Sweeper thread" daemon [_thread_blocked, id=22400, stack(0x0000001d6ee00000,0x0000001d6ef00000)]
  0x000001797fba8800 JavaThread "Service Thread" daemon [_thread_blocked, id=18728, stack(0x0000001d6ef00000,0x0000001d6f000000)]
  0x000001797fba8000 JavaThread "Common-Cleaner" daemon [_thread_blocked, id=13496, stack(0x0000001d6f100000,0x0000001d6f200000)]
  0x000001797fbac800 JavaThread "Java2D Disposer" daemon [_thread_blocked, id=18484, stack(0x0000001d6f200000,0x0000001d6f300000)]
  0x000001797fbae800 JavaThread "AWT-Shutdown" [_thread_blocked, id=16024, stack(0x0000001d6f300000,0x0000001d6f400000)]
  0x000001797fbac000 JavaThread "AWT-Windows" daemon [_thread_in_native, id=1048, stack(0x0000001d6f400000,0x0000001d6f500000)]
  0x000001797fbaa000 JavaThread "AWT-EventQueue-0" [_thread_blocked, id=25416, stack(0x0000001d6f700000,0x0000001d6f800000)]
  0x000001797fbad800 JavaThread "D3D Screen Updater" daemon [_thread_blocked, id=21344, stack(0x0000001d6f800000,0x0000001d6f900000)]
  0x000001797fbab000 JavaThread "DestroyJavaVM" [_thread_blocked, id=17012, stack(0x0000001d6e100000,0x0000001d6e200000)]
  0x00000179156b0000 JavaThread "TimerQueue" daemon [_thread_blocked, id=18988, stack(0x0000001d6f930000,0x0000001d6fa30000)]

Other Threads:
  0x000001797f19f800 VMThread "VM Thread" [stack: 0x0000001d6e700000,0x0000001d6e800000] [id=25432]
  0x000001797fb9c000 WatcherThread [stack: 0x0000001d6f000000,0x0000001d6f100000] [id=22580]
=>0x000001796e638800 GCTaskThread "GC Thread#0" [stack: 0x0000001d6e200000,0x0000001d6e300000] [id=22792]
  0x000001791dc25000 GCTaskThread "GC Thread#1" [stack: 0x0000001d6de00000,0x0000001d6df00000] [id=23492]
  0x0000017923af4000 GCTaskThread "GC Thread#2" [stack: 0x0000001d6df00000,0x0000001d6e000000] [id=21324]
  0x0000017923af5000 GCTaskThread "GC Thread#3" [stack: 0x0000001d6e000000,0x0000001d6e100000] [id=18628]
  0x0000017923af5800 GCTaskThread "GC Thread#4" [stack: 0x0000001d6f500000,0x0000001d6f600000] [id=24192]
  0x000001791dcc2000 GCTaskThread "GC Thread#5" [stack: 0x0000001d6fd40000,0x0000001d6fe40000] [id=2456]
  0x000001796e65b800 ConcurrentGCThread "G1 Main Marker" [stack: 0x0000001d6e300000,0x0000001d6e400000] [id=11924]
  0x000001796e65d000 ConcurrentGCThread "G1 Conc#0" [stack: 0x0000001d6e400000,0x0000001d6e500000] [id=21432]
  0x000001797f09f000 ConcurrentGCThread "G1 Refine#0" [stack: 0x0000001d6e500000,0x0000001d6e600000] [id=24984]
  0x000001797f0a0000 ConcurrentGCThread "G1 Young RemSet Sampling" [stack: 0x0000001d6e600000,0x0000001d6e700000] [id=24252]

Threads with active compile tasks:
C2 CompilerThread0  3474243 2588       4       sun.awt.image.VolatileSurfaceManager::getBackupSurface (74 bytes)

VM state:at safepoint (normal execution)

VM Mutex/Monitor currently owned by a thread:  ([mutex/lock_event])
[0x000001796e5ca700] FreeList_lock - owner thread: 0x000001796e638800
[0x000001796e5cb830] Threads_lock - owner thread: 0x000001797f19f800
[0x000001796e5cbcb0] Heap_lock - owner thread: 0x000001797fbaa000

Heap address: 0x0000000701000000, size: 4080 MB, Compressed Oops mode: Zero based, Oop shift amount: 3
Narrow klass base: 0x0000000800000000, Narrow klass shift: 3
Compressed class space size: 1073741824 Address: 0x0000000800b40000

Heap:
 garbage-first heap   total 277504K, used 164418K [0x0000000701000000, 0x0000000800000000)
  region size 1024K, 170 young (174080K), 20 survivors (20480K)
 Metaspace       used 9539K, capacity 9820K, committed 10112K, reserved 1058816K
  class space    used 970K, capacity 1086K, committed 1152K, reserved 1048576K
Heap Regions: E=young(eden), S=young(survivor), O=old, HS=humongous(starts), HC=humongous(continues), CS=collection set, F=free, A=archive, TAMS=top-at-mark-start (previous, next)
|   0|0x0000000701000000, 0x0000000701100000, 0x0000000701100000|100%|HS|  |TAMS 0x0000000701000000, 0x0000000701000000| Complete 
|   1|0x0000000701100000, 0x0000000701200000, 0x0000000701200000|100%|HC|  |TAMS 0x0000000701100000, 0x0000000701100000| Complete 
|   2|0x0000000701200000, 0x0000000701300000, 0x0000000701300000|100%|HC|  |TAMS 0x0000000701200000, 0x0000000701200000| Complete 
|   3|0x0000000701300000, 0x0000000701400000, 0x0000000701400000|100%|HC|  |TAMS 0x0000000701300000, 0x0000000701300000| Complete 
|   4|0x0000000701400000, 0x0000000701500000, 0x0000000701500000|100%|HC|  |TAMS 0x0000000701400000, 0x0000000701400000| Complete 
|   5|0x0000000701500000, 0x0000000701600000, 0x0000000701600000|100%|HC|  |TAMS 0x0000000701500000, 0x0000000701500000| Complete 
|   6|0x0000000701600000, 0x0000000701700000, 0x0000000701700000|100%|HC|  |TAMS 0x0000000701600000, 0x0000000701600000| Complete 
|   7|0x0000000701700000, 0x0000000701800000, 0x0000000701800000|100%|HC|  |TAMS 0x0000000701700000, 0x0000000701700000| Complete 
|   8|0x0000000701800000, 0x0000000701900000, 0x0000000701900000|100%| O|  |TAMS 0x0000000701800000, 0x0000000701800000| Untracked 
|   9|0x0000000701900000, 0x0000000701a00000, 0x0000000701a00000|100%| O|  |TAMS 0x0000000701900000, 0x0000000701900000| Untracked 
|  10|0x0000000701a00000, 0x0000000701b00000, 0x0000000701b00000|100%| O|  |TAMS 0x0000000701a00000, 0x0000000701a00000| Untracked 
|  11|0x0000000701b00000, 0x0000000701c00000, 0x0000000701c00000|100%| O|  |TAMS 0x0000000701b00000, 0x0000000701b00000| Untracked 
|  12|0x0000000701c00000, 0x0000000701d00000, 0x0000000701d00000|100%| O|  |TAMS 0x0000000701c00000, 0x0000000701c00000| Untracked 
|  13|0x0000000701d00000, 0x0000000701e00000, 0x0000000701e00000|100%| O|  |TAMS 0x0000000701d00000, 0x0000000701d00000| Untracked 
|  14|0x0000000701e00000, 0x0000000701f00000, 0x0000000701f00000|100%| O|  |TAMS 0x0000000701e00000, 0x0000000701e00000| Untracked 
|  15|0x0000000701f00000, 0x0000000702000000, 0x0000000702000000|100%| O|  |TAMS 0x0000000701f00000, 0x0000000701f00000| Untracked 
|  16|0x0000000702000000, 0x0000000702100000, 0x0000000702100000|100%| O|  |TAMS 0x0000000702000000, 0x0000000702000000| Untracked 
|  17|0x0000000702100000, 0x0000000702200000, 0x0000000702200000|100%| O|  |TAMS 0x0000000702100000, 0x0000000702100000| Untracked 
|  18|0x0000000702200000, 0x0000000702300000, 0x0000000702300000|100%| O|  |TAMS 0x0000000702200000, 0x0000000702200000| Untracked 
|  19|0x0000000702300000, 0x0000000702400000, 0x0000000702400000|100%| O|  |TAMS 0x0000000702300000, 0x0000000702300000| Untracked 
|  20|0x0000000702400000, 0x0000000702500000, 0x0000000702500000|100%| O|  |TAMS 0x0000000702400000, 0x0000000702400000| Untracked 
|  21|0x0000000702500000, 0x0000000702600000, 0x0000000702600000|100%| O|  |TAMS 0x0000000702500000, 0x0000000702500000| Untracked 
|  22|0x0000000702600000, 0x0000000702700000, 0x0000000702700000|100%| O|  |TAMS 0x0000000702600000, 0x0000000702600000| Untracked 
|  23|0x0000000702700000, 0x0000000702800000, 0x0000000702800000|100%| O|  |TAMS 0x0000000702700000, 0x0000000702700000| Untracked 
|  24|0x0000000702800000, 0x0000000702900000, 0x0000000702900000|100%| O|  |TAMS 0x0000000702800000, 0x0000000702800000| Untracked 
|  25|0x0000000702900000, 0x0000000702a00000, 0x0000000702a00000|100%| O|  |TAMS 0x0000000702900000, 0x0000000702900000| Untracked 
|  26|0x0000000702a00000, 0x0000000702b00000, 0x0000000702b00000|100%| O|  |TAMS 0x0000000702a00000, 0x0000000702a00000| Untracked 
|  27|0x0000000702b00000, 0x0000000702c00000, 0x0000000702c00000|100%| O|  |TAMS 0x0000000702b00000, 0x0000000702b00000| Untracked 
|  28|0x0000000702c00000, 0x0000000702d00000, 0x0000000702d00000|100%| O|  |TAMS 0x0000000702c00000, 0x0000000702c00000| Untracked 
|  29|0x0000000702d00000, 0x0000000702e00000, 0x0000000702e00000|100%| O|  |TAMS 0x0000000702d00000, 0x0000000702d00000| Untracked 
|  30|0x0000000702e00000, 0x0000000702f00000, 0x0000000702f00000|100%| O|  |TAMS 0x0000000702e00000, 0x0000000702e00000| Untracked 
|  31|0x0000000702f00000, 0x0000000703000000, 0x0000000703000000|100%| O|  |TAMS 0x0000000702f00000, 0x0000000702f00000| Untracked 
|  32|0x0000000703000000, 0x0000000703100000, 0x0000000703100000|100%| O|  |TAMS 0x0000000703000000, 0x0000000703000000| Untracked 
|  33|0x0000000703100000, 0x0000000703200000, 0x0000000703200000|100%| O|  |TAMS 0x0000000703100000, 0x0000000703100000| Untracked 
|  34|0x0000000703200000, 0x0000000703300000, 0x0000000703300000|100%| O|  |TAMS 0x0000000703200000, 0x0000000703200000| Untracked 
|  35|0x0000000703300000, 0x0000000703400000, 0x0000000703400000|100%| O|  |TAMS 0x0000000703300000, 0x0000000703300000| Untracked 
|  36|0x0000000703400000, 0x0000000703500000, 0x0000000703500000|100%| O|  |TAMS 0x0000000703400000, 0x0000000703400000| Untracked 
|  37|0x0000000703500000, 0x0000000703600000, 0x0000000703600000|100%| O|  |TAMS 0x0000000703500000, 0x0000000703500000| Untracked 
|  38|0x0000000703600000, 0x0000000703700000, 0x0000000703700000|100%| O|  |TAMS 0x0000000703600000, 0x0000000703600000| Untracked 
|  39|0x0000000703700000, 0x0000000703800000, 0x0000000703800000|100%| O|  |TAMS 0x0000000703700000, 0x0000000703700000| Untracked 
|  40|0x0000000703800000, 0x0000000703900000, 0x0000000703900000|100%| O|  |TAMS 0x0000000703800000, 0x0000000703800000| Untracked 
|  41|0x0000000703900000, 0x0000000703a00000, 0x0000000703a00000|100%| O|  |TAMS 0x0000000703900000, 0x0000000703900000| Untracked 
|  42|0x0000000703a00000, 0x0000000703b00000, 0x0000000703b00000|100%| O|  |TAMS 0x0000000703a00000, 0x0000000703a00000| Untracked 
|  43|0x0000000703b00000, 0x0000000703c00000, 0x0000000703c00000|100%| O|  |TAMS 0x0000000703b00000, 0x0000000703b00000| Untracked 
|  44|0x0000000703c00000, 0x0000000703d00000, 0x0000000703d00000|100%| O|  |TAMS 0x0000000703c00000, 0x0000000703c00000| Untracked 
|  45|0x0000000703d00000, 0x0000000703e00000, 0x0000000703e00000|100%| O|  |TAMS 0x0000000703d00000, 0x0000000703d00000| Untracked 
|  46|0x0000000703e00000, 0x0000000703f00000, 0x0000000703f00000|100%| O|  |TAMS 0x0000000703e00000, 0x0000000703e00000| Untracked 
|  47|0x0000000703f00000, 0x0000000704000000, 0x0000000704000000|100%| O|  |TAMS 0x0000000703f00000, 0x0000000703f00000| Untracked 
|  48|0x0000000704000000, 0x0000000704100000, 0x0000000704100000|100%| O|  |TAMS 0x0000000704000000, 0x0000000704000000| Untracked 
|  49|0x0000000704100000, 0x0000000704200000, 0x0000000704200000|100%| O|  |TAMS 0x0000000704100000, 0x0000000704100000| Untracked 
|  50|0x0000000704200000, 0x0000000704300000, 0x0000000704300000|100%| O|  |TAMS 0x0000000704200000, 0x0000000704200000| Untracked 
|  51|0x0000000704300000, 0x0000000704400000, 0x0000000704400000|100%| O|  |TAMS 0x0000000704300000, 0x0000000704300000| Untracked 
|  52|0x0000000704400000, 0x0000000704500000, 0x0000000704500000|100%| O|  |TAMS 0x0000000704400000, 0x0000000704400000| Untracked 
|  53|0x0000000704500000, 0x0000000704600000, 0x0000000704600000|100%| O|  |TAMS 0x0000000704500000, 0x0000000704500000| Untracked 
|  54|0x0000000704600000, 0x0000000704700000, 0x0000000704700000|100%| O|  |TAMS 0x0000000704600000, 0x0000000704600000| Untracked 
|  55|0x0000000704700000, 0x0000000704800000, 0x0000000704800000|100%| O|  |TAMS 0x0000000704700000, 0x0000000704700000| Untracked 
|  56|0x0000000704800000, 0x0000000704900000, 0x0000000704900000|100%| O|  |TAMS 0x0000000704800000, 0x0000000704800000| Untracked 
|  57|0x0000000704900000, 0x0000000704a00000, 0x0000000704a00000|100%| O|  |TAMS 0x0000000704900000, 0x0000000704900000| Untracked 
|  58|0x0000000704a00000, 0x0000000704b00000, 0x0000000704b00000|100%| O|  |TAMS 0x0000000704a00000, 0x0000000704a00000| Untracked 
|  59|0x0000000704b00000, 0x0000000704c00000, 0x0000000704c00000|100%| O|  |TAMS 0x0000000704b00000, 0x0000000704b00000| Untracked 
|  60|0x0000000704c00000, 0x0000000704d00000, 0x0000000704d00000|100%| O|  |TAMS 0x0000000704c00000, 0x0000000704c00000| Untracked 
|  61|0x0000000704d00000, 0x0000000704e00000, 0x0000000704e00000|100%| O|  |TAMS 0x0000000704d00000, 0x0000000704d00000| Untracked 
|  62|0x0000000704e00000, 0x0000000704f00000, 0x0000000704f00000|100%| O|  |TAMS 0x0000000704e00000, 0x0000000704e00000| Untracked 
|  63|0x0000000704f00000, 0x0000000705000000, 0x0000000705000000|100%| O|  |TAMS 0x0000000704f00000, 0x0000000704f00000| Untracked 
|  64|0x0000000705000000, 0x0000000705100000, 0x0000000705100000|100%| O|  |TAMS 0x0000000705000000, 0x0000000705000000| Untracked 
|  65|0x0000000705100000, 0x0000000705200000, 0x0000000705200000|100%| O|  |TAMS 0x0000000705100000, 0x0000000705100000| Untracked 
|  66|0x0000000705200000, 0x0000000705300000, 0x0000000705300000|100%| O|  |TAMS 0x0000000705200000, 0x0000000705200000| Untracked 
|  67|0x0000000705300000, 0x0000000705400000, 0x0000000705400000|100%| O|  |TAMS 0x0000000705300000, 0x0000000705300000| Untracked 
|  68|0x0000000705400000, 0x0000000705500000, 0x0000000705500000|100%| O|  |TAMS 0x0000000705400000, 0x0000000705400000| Untracked 
|  69|0x0000000705500000, 0x0000000705600000, 0x0000000705600000|100%| O|  |TAMS 0x0000000705500000, 0x0000000705500000| Untracked 
|  70|0x0000000705600000, 0x0000000705700000, 0x0000000705700000|100%| O|  |TAMS 0x0000000705600000, 0x0000000705600000| Untracked 
|  71|0x0000000705700000, 0x0000000705800000, 0x0000000705800000|100%| O|  |TAMS 0x0000000705700000, 0x0000000705700000| Untracked 
|  72|0x0000000705800000, 0x0000000705900000, 0x0000000705900000|100%| O|  |TAMS 0x0000000705800000, 0x0000000705800000| Untracked 
|  73|0x0000000705900000, 0x0000000705a00000, 0x0000000705a00000|100%| O|  |TAMS 0x0000000705900000, 0x0000000705900000| Untracked 
|  74|0x0000000705a00000, 0x0000000705b00000, 0x0000000705b00000|100%| O|  |TAMS 0x0000000705a00000, 0x0000000705a00000| Untracked 
|  75|0x0000000705b00000, 0x0000000705c00000, 0x0000000705c00000|100%| O|  |TAMS 0x0000000705b00000, 0x0000000705b00000| Untracked 
|  76|0x0000000705c00000, 0x0000000705d00000, 0x0000000705d00000|100%| O|  |TAMS 0x0000000705c00000, 0x0000000705c00000| Untracked 
|  77|0x0000000705d00000, 0x0000000705e00000, 0x0000000705e00000|100%| O|  |TAMS 0x0000000705d00000, 0x0000000705d00000| Untracked 
|  78|0x0000000705e00000, 0x0000000705f00000, 0x0000000705f00000|100%| O|  |TAMS 0x0000000705e00000, 0x0000000705e00000| Untracked 
|  79|0x0000000705f00000, 0x0000000706000000, 0x0000000706000000|100%| O|  |TAMS 0x0000000705f00000, 0x0000000705f00000| Untracked 
|  80|0x0000000706000000, 0x0000000706100000, 0x0000000706100000|100%| O|  |TAMS 0x0000000706000000, 0x0000000706000000| Untracked 
|  81|0x0000000706100000, 0x0000000706200000, 0x0000000706200000|100%| O|  |TAMS 0x0000000706100000, 0x0000000706100000| Untracked 
|  82|0x0000000706200000, 0x0000000706300000, 0x0000000706300000|100%| O|  |TAMS 0x0000000706200000, 0x0000000706200000| Untracked 
|  83|0x0000000706300000, 0x0000000706400000, 0x0000000706400000|100%| S|  |TAMS 0x0000000706300000, 0x0000000706300000| Complete 
|  84|0x0000000706400000, 0x0000000706500000, 0x0000000706500000|100%| S|  |TAMS 0x0000000706400000, 0x0000000706400000| Complete 
|  85|0x0000000706500000, 0x0000000706600000, 0x0000000706600000|100%| S|  |TAMS 0x0000000706500000, 0x0000000706500000| Complete 
|  86|0x0000000706600000, 0x0000000706700000, 0x0000000706700000|100%| S|  |TAMS 0x0000000706600000, 0x0000000706600000| Complete 
|  87|0x0000000706700000, 0x0000000706800000, 0x0000000706800000|100%| S|  |TAMS 0x0000000706700000, 0x0000000706700000| Complete 
|  88|0x0000000706800000, 0x0000000706900000, 0x0000000706900000|100%| S|  |TAMS 0x0000000706800000, 0x0000000706800000| Complete 
|  89|0x0000000706900000, 0x0000000706a00000, 0x0000000706a00000|100%| S|  |TAMS 0x0000000706900000, 0x0000000706900000| Complete 
|  90|0x0000000706a00000, 0x0000000706b00000, 0x0000000706b00000|100%| S|  |TAMS 0x0000000706a00000, 0x0000000706a00000| Complete 
|  91|0x0000000706b00000, 0x0000000706c00000, 0x0000000706c00000|100%| S|  |TAMS 0x0000000706b00000, 0x0000000706b00000| Complete 
|  92|0x0000000706c00000, 0x0000000706d00000, 0x0000000706d00000|100%| S|  |TAMS 0x0000000706c00000, 0x0000000706c00000| Complete 
|  93|0x0000000706d00000, 0x0000000706e00000, 0x0000000706e00000|100%| S|  |TAMS 0x0000000706d00000, 0x0000000706d00000| Complete 
|  94|0x0000000706e00000, 0x0000000706f00000, 0x0000000706f00000|100%| S|  |TAMS 0x0000000706e00000, 0x0000000706e00000| Complete 
|  95|0x0000000706f00000, 0x0000000707000000, 0x0000000707000000|100%| S|  |TAMS 0x0000000706f00000, 0x0000000706f00000| Complete 
|  96|0x0000000707000000, 0x0000000707100000, 0x0000000707100000|100%| S|  |TAMS 0x0000000707000000, 0x0000000707000000| Complete 
|  97|0x0000000707100000, 0x0000000707200000, 0x0000000707200000|100%| S|  |TAMS 0x0000000707100000, 0x0000000707100000| Complete 
|  98|0x0000000707200000, 0x0000000707300000, 0x0000000707300000|100%| S|  |TAMS 0x0000000707200000, 0x0000000707200000| Complete 
|  99|0x0000000707300000, 0x0000000707400000, 0x0000000707400000|100%| S|  |TAMS 0x0000000707300000, 0x0000000707300000| Complete 
| 100|0x0000000707400000, 0x0000000707500000, 0x0000000707500000|100%| S|  |TAMS 0x0000000707400000, 0x0000000707400000| Complete 
| 101|0x0000000707500000, 0x0000000707600000, 0x0000000707600000|100%| S|  |TAMS 0x0000000707500000, 0x0000000707500000| Complete 
| 102|0x0000000707600000, 0x0000000707700000, 0x0000000707700000|100%| S|  |TAMS 0x0000000707600000, 0x0000000707600000| Complete 
| 103|0x0000000707700000, 0x0000000707800000, 0x0000000707800000|100%| E|CS|TAMS 0x0000000707700000, 0x0000000707700000| Complete 
| 104|0x0000000707800000, 0x0000000707900000, 0x0000000707900000|100%| E|CS|TAMS 0x0000000707800000, 0x0000000707800000| Complete 
| 105|0x0000000707900000, 0x0000000707a00000, 0x0000000707a00000|100%| E|CS|TAMS 0x0000000707900000, 0x0000000707900000| Complete 
| 106|0x0000000707a00000, 0x0000000707b00000, 0x0000000707b00000|100%| E|CS|TAMS 0x0000000707a00000, 0x0000000707a00000| Complete 
| 107|0x0000000707b00000, 0x0000000707c00000, 0x0000000707c00000|100%| E|CS|TAMS 0x0000000707b00000, 0x0000000707b00000| Complete 
| 108|0x0000000707c00000, 0x0000000707d00000, 0x0000000707d00000|100%| E|CS|TAMS 0x0000000707c00000, 0x0000000707c00000| Complete 
| 109|0x0000000707d00000, 0x0000000707e00000, 0x0000000707e00000|100%| E|CS|TAMS 0x0000000707d00000, 0x0000000707d00000| Complete 
| 110|0x0000000707e00000, 0x0000000707f00000, 0x0000000707f00000|100%| E|CS|TAMS 0x0000000707e00000, 0x0000000707e00000| Complete 
| 111|0x0000000707f00000, 0x0000000708000000, 0x0000000708000000|100%| E|CS|TAMS 0x0000000707f00000, 0x0000000707f00000| Complete 
| 112|0x0000000708000000, 0x0000000708100000, 0x0000000708100000|100%| E|CS|TAMS 0x0000000708000000, 0x0000000708000000| Complete 
| 113|0x0000000708100000, 0x0000000708200000, 0x0000000708200000|100%| E|CS|TAMS 0x0000000708100000, 0x0000000708100000| Complete 
| 114|0x0000000708200000, 0x0000000708300000, 0x0000000708300000|100%| E|CS|TAMS 0x0000000708200000, 0x0000000708200000| Complete 
| 115|0x0000000708300000, 0x0000000708400000, 0x0000000708400000|100%| E|CS|TAMS 0x0000000708300000, 0x0000000708300000| Complete 
| 116|0x0000000708400000, 0x0000000708500000, 0x0000000708500000|100%| E|CS|TAMS 0x0000000708400000, 0x0000000708400000| Complete 
| 117|0x0000000708500000, 0x0000000708600000, 0x0000000708600000|100%| E|CS|TAMS 0x0000000708500000, 0x0000000708500000| Complete 
| 118|0x0000000708600000, 0x0000000708700000, 0x0000000708700000|100%| E|CS|TAMS 0x0000000708600000, 0x0000000708600000| Complete 
| 119|0x0000000708700000, 0x0000000708800000, 0x0000000708800000|100%| E|CS|TAMS 0x0000000708700000, 0x0000000708700000| Complete 
| 120|0x0000000708800000, 0x0000000708900000, 0x0000000708900000|100%| E|CS|TAMS 0x0000000708800000, 0x0000000708800000| Complete 
| 121|0x0000000708900000, 0x0000000708a00000, 0x0000000708a00000|100%| E|CS|TAMS 0x0000000708900000, 0x0000000708900000| Complete 
| 122|0x0000000708a00000, 0x0000000708b00000, 0x0000000708b00000|100%| E|CS|TAMS 0x0000000708a00000, 0x0000000708a00000| Complete 
| 123|0x0000000708b00000, 0x0000000708c00000, 0x0000000708c00000|100%| E|CS|TAMS 0x0000000708b00000, 0x0000000708b00000| Complete 
| 124|0x0000000708c00000, 0x0000000708d00000, 0x0000000708d00000|100%| E|CS|TAMS 0x0000000708c00000, 0x0000000708c00000| Complete 
| 125|0x0000000708d00000, 0x0000000708e00000, 0x0000000708e00000|100%| E|CS|TAMS 0x0000000708d00000, 0x0000000708d00000| Complete 
| 126|0x0000000708e00000, 0x0000000708f00000, 0x0000000708f00000|100%| E|CS|TAMS 0x0000000708e00000, 0x0000000708e00000| Complete 
| 127|0x0000000708f00000, 0x0000000709000000, 0x0000000709000000|100%| E|CS|TAMS 0x0000000708f00000, 0x0000000708f00000| Complete 
| 128|0x0000000709000000, 0x0000000709100000, 0x0000000709100000|100%| E|CS|TAMS 0x0000000709000000, 0x0000000709000000| Complete 
| 129|0x0000000709100000, 0x0000000709200000, 0x0000000709200000|100%| E|CS|TAMS 0x0000000709100000, 0x0000000709100000| Complete 
| 130|0x0000000709200000, 0x0000000709300000, 0x0000000709300000|100%| E|CS|TAMS 0x0000000709200000, 0x0000000709200000| Complete 
| 131|0x0000000709300000, 0x0000000709400000, 0x0000000709400000|100%| E|CS|TAMS 0x0000000709300000, 0x0000000709300000| Complete 
| 132|0x0000000709400000, 0x0000000709500000, 0x0000000709500000|100%| E|CS|TAMS 0x0000000709400000, 0x0000000709400000| Complete 
| 133|0x0000000709500000, 0x0000000709600000, 0x0000000709600000|100%| E|CS|TAMS 0x0000000709500000, 0x0000000709500000| Complete 
| 134|0x0000000709600000, 0x0000000709700000, 0x0000000709700000|100%| E|CS|TAMS 0x0000000709600000, 0x0000000709600000| Complete 
| 135|0x0000000709700000, 0x0000000709800000, 0x0000000709800000|100%| E|CS|TAMS 0x0000000709700000, 0x0000000709700000| Complete 
| 136|0x0000000709800000, 0x0000000709900000, 0x0000000709900000|100%| E|CS|TAMS 0x0000000709800000, 0x0000000709800000| Complete 
| 137|0x0000000709900000, 0x0000000709a00000, 0x0000000709a00000|100%| E|CS|TAMS 0x0000000709900000, 0x0000000709900000| Complete 
| 138|0x0000000709a00000, 0x0000000709b00000, 0x0000000709b00000|100%| E|CS|TAMS 0x0000000709a00000, 0x0000000709a00000| Complete 
| 139|0x0000000709b00000, 0x0000000709c00000, 0x0000000709c00000|100%| E|CS|TAMS 0x0000000709b00000, 0x0000000709b00000| Complete 
| 140|0x0000000709c00000, 0x0000000709d00000, 0x0000000709d00000|100%| E|CS|TAMS 0x0000000709c00000, 0x0000000709c00000| Complete 
| 141|0x0000000709d00000, 0x0000000709e00000, 0x0000000709e00000|100%| E|CS|TAMS 0x0000000709d00000, 0x0000000709d00000| Complete 
| 142|0x0000000709e00000, 0x0000000709f00000, 0x0000000709f00000|100%| E|CS|TAMS 0x0000000709e00000, 0x0000000709e00000| Complete 
| 143|0x0000000709f00000, 0x000000070a000000, 0x000000070a000000|100%| E|CS|TAMS 0x0000000709f00000, 0x0000000709f00000| Complete 
| 144|0x000000070a000000, 0x000000070a100000, 0x000000070a100000|100%| E|CS|TAMS 0x000000070a000000, 0x000000070a000000| Complete 
| 145|0x000000070a100000, 0x000000070a200000, 0x000000070a200000|100%| E|CS|TAMS 0x000000070a100000, 0x000000070a100000| Complete 
| 146|0x000000070a200000, 0x000000070a300000, 0x000000070a300000|100%| E|CS|TAMS 0x000000070a200000, 0x000000070a200000| Complete 
| 147|0x000000070a300000, 0x000000070a400000, 0x000000070a400000|100%| E|CS|TAMS 0x000000070a300000, 0x000000070a300000| Complete 
| 148|0x000000070a400000, 0x000000070a500000, 0x000000070a500000|100%| E|CS|TAMS 0x000000070a400000, 0x000000070a400000| Complete 
| 149|0x000000070a500000, 0x000000070a600000, 0x000000070a600000|100%| E|CS|TAMS 0x000000070a500000, 0x000000070a500000| Complete 
| 150|0x000000070a600000, 0x000000070a700000, 0x000000070a700000|100%| E|CS|TAMS 0x000000070a600000, 0x000000070a600000| Complete 
| 151|0x000000070a700000, 0x000000070a800000, 0x000000070a800000|100%| E|CS|TAMS 0x000000070a700000, 0x000000070a700000| Complete 
| 152|0x000000070a800000, 0x000000070a900000, 0x000000070a900000|100%| E|CS|TAMS 0x000000070a800000, 0x000000070a800000| Complete 
| 153|0x000000070a900000, 0x000000070aa00000, 0x000000070aa00000|100%| E|CS|TAMS 0x000000070a900000, 0x000000070a900000| Complete 
| 154|0x000000070aa00000, 0x000000070ab00000, 0x000000070ab00000|100%| E|CS|TAMS 0x000000070aa00000, 0x000000070aa00000| Complete 
| 155|0x000000070ab00000, 0x000000070ac00000, 0x000000070ac00000|100%| E|CS|TAMS 0x000000070ab00000, 0x000000070ab00000| Complete 
| 156|0x000000070ac00000, 0x000000070ad00000, 0x000000070ad00000|100%| E|CS|TAMS 0x000000070ac00000, 0x000000070ac00000| Complete 
| 157|0x000000070ad00000, 0x000000070ae00000, 0x000000070ae00000|100%| E|CS|TAMS 0x000000070ad00000, 0x000000070ad00000| Complete 
| 158|0x000000070ae00000, 0x000000070af00000, 0x000000070af00000|100%| E|CS|TAMS 0x000000070ae00000, 0x000000070ae00000| Complete 
| 159|0x000000070af00000, 0x000000070b000000, 0x000000070b000000|100%| E|CS|TAMS 0x000000070af00000, 0x000000070af00000| Complete 
| 160|0x000000070b000000, 0x000000070b100000, 0x000000070b100000|100%| E|CS|TAMS 0x000000070b000000, 0x000000070b000000| Complete 
| 161|0x000000070b100000, 0x000000070b200000, 0x000000070b200000|100%| E|CS|TAMS 0x000000070b100000, 0x000000070b100000| Complete 
| 162|0x000000070b200000, 0x000000070b300000, 0x000000070b300000|100%| E|CS|TAMS 0x000000070b200000, 0x000000070b200000| Complete 
| 163|0x000000070b300000, 0x000000070b400000, 0x000000070b400000|100%| E|CS|TAMS 0x000000070b300000, 0x000000070b300000| Complete 
| 164|0x000000070b400000, 0x000000070b500000, 0x000000070b500000|100%| E|CS|TAMS 0x000000070b400000, 0x000000070b400000| Complete 
| 165|0x000000070b500000, 0x000000070b600000, 0x000000070b600000|100%| E|CS|TAMS 0x000000070b500000, 0x000000070b500000| Complete 
| 166|0x000000070b600000, 0x000000070b700000, 0x000000070b700000|100%| E|CS|TAMS 0x000000070b600000, 0x000000070b600000| Complete 
| 167|0x000000070b700000, 0x000000070b800000, 0x000000070b800000|100%| E|CS|TAMS 0x000000070b700000, 0x000000070b700000| Complete 
| 168|0x000000070b800000, 0x000000070b900000, 0x000000070b900000|100%| E|CS|TAMS 0x000000070b800000, 0x000000070b800000| Complete 
| 169|0x000000070b900000, 0x000000070ba00000, 0x000000070ba00000|100%| E|CS|TAMS 0x000000070b900000, 0x000000070b900000| Complete 
| 170|0x000000070ba00000, 0x000000070bb00000, 0x000000070bb00000|100%| E|CS|TAMS 0x000000070ba00000, 0x000000070ba00000| Complete 
| 171|0x000000070bb00000, 0x000000070bc00000, 0x000000070bc00000|100%| E|CS|TAMS 0x000000070bb00000, 0x000000070bb00000| Complete 
| 172|0x000000070bc00000, 0x000000070bd00000, 0x000000070bd00000|100%| E|CS|TAMS 0x000000070bc00000, 0x000000070bc00000| Complete 
| 173|0x000000070bd00000, 0x000000070be00000, 0x000000070be00000|100%| E|CS|TAMS 0x000000070bd00000, 0x000000070bd00000| Complete 
| 174|0x000000070be00000, 0x000000070bf00000, 0x000000070bf00000|100%| E|CS|TAMS 0x000000070be00000, 0x000000070be00000| Complete 
| 175|0x000000070bf00000, 0x000000070c000000, 0x000000070c000000|100%| E|CS|TAMS 0x000000070bf00000, 0x000000070bf00000| Complete 
| 176|0x000000070c000000, 0x000000070c100000, 0x000000070c100000|100%| E|CS|TAMS 0x000000070c000000, 0x000000070c000000| Complete 
| 177|0x000000070c100000, 0x000000070c200000, 0x000000070c200000|100%| E|CS|TAMS 0x000000070c100000, 0x000000070c100000| Complete 
| 178|0x000000070c200000, 0x000000070c300000, 0x000000070c300000|100%| E|CS|TAMS 0x000000070c200000, 0x000000070c200000| Complete 
| 179|0x000000070c300000, 0x000000070c400000, 0x000000070c400000|100%| E|CS|TAMS 0x000000070c300000, 0x000000070c300000| Complete 
| 180|0x000000070c400000, 0x000000070c500000, 0x000000070c500000|100%| E|CS|TAMS 0x000000070c400000, 0x000000070c400000| Complete 
| 181|0x000000070c500000, 0x000000070c600000, 0x000000070c600000|100%| E|CS|TAMS 0x000000070c500000, 0x000000070c500000| Complete 
| 182|0x000000070c600000, 0x000000070c700000, 0x000000070c700000|100%| E|CS|TAMS 0x000000070c600000, 0x000000070c600000| Complete 
| 183|0x000000070c700000, 0x000000070c800000, 0x000000070c800000|100%| E|CS|TAMS 0x000000070c700000, 0x000000070c700000| Complete 
| 184|0x000000070c800000, 0x000000070c900000, 0x000000070c900000|100%| E|CS|TAMS 0x000000070c800000, 0x000000070c800000| Complete 
| 185|0x000000070c900000, 0x000000070ca00000, 0x000000070ca00000|100%| E|CS|TAMS 0x000000070c900000, 0x000000070c900000| Complete 
| 186|0x000000070ca00000, 0x000000070cb00000, 0x000000070cb00000|100%| E|CS|TAMS 0x000000070ca00000, 0x000000070ca00000| Complete 
| 187|0x000000070cb00000, 0x000000070cc00000, 0x000000070cc00000|100%| E|CS|TAMS 0x000000070cb00000, 0x000000070cb00000| Complete 
| 188|0x000000070cc00000, 0x000000070cd00000, 0x000000070cd00000|100%| E|CS|TAMS 0x000000070cc00000, 0x000000070cc00000| Complete 
| 189|0x000000070cd00000, 0x000000070ce00000, 0x000000070ce00000|100%| E|CS|TAMS 0x000000070cd00000, 0x000000070cd00000| Complete 
| 190|0x000000070ce00000, 0x000000070cf00000, 0x000000070cf00000|100%| E|CS|TAMS 0x000000070ce00000, 0x000000070ce00000| Complete 
| 191|0x000000070cf00000, 0x000000070d000000, 0x000000070d000000|100%| E|CS|TAMS 0x000000070cf00000, 0x000000070cf00000| Complete 
| 192|0x000000070d000000, 0x000000070d100000, 0x000000070d100000|100%| E|CS|TAMS 0x000000070d000000, 0x000000070d000000| Complete 
| 193|0x000000070d100000, 0x000000070d200000, 0x000000070d200000|100%| E|CS|TAMS 0x000000070d100000, 0x000000070d100000| Complete 
| 194|0x000000070d200000, 0x000000070d300000, 0x000000070d300000|100%| E|CS|TAMS 0x000000070d200000, 0x000000070d200000| Complete 
| 195|0x000000070d300000, 0x000000070d400000, 0x000000070d400000|100%| E|CS|TAMS 0x000000070d300000, 0x000000070d300000| Complete 
| 196|0x000000070d400000, 0x000000070d500000, 0x000000070d500000|100%| E|CS|TAMS 0x000000070d400000, 0x000000070d400000| Complete 
| 197|0x000000070d500000, 0x000000070d600000, 0x000000070d600000|100%| E|CS|TAMS 0x000000070d500000, 0x000000070d500000| Complete 
| 198|0x000000070d600000, 0x000000070d700000, 0x000000070d700000|100%| E|CS|TAMS 0x000000070d600000, 0x000000070d600000| Complete 
| 199|0x000000070d700000, 0x000000070d800000, 0x000000070d800000|100%| E|CS|TAMS 0x000000070d700000, 0x000000070d700000| Complete 
| 200|0x000000070d800000, 0x000000070d900000, 0x000000070d900000|100%| E|CS|TAMS 0x000000070d800000, 0x000000070d800000| Complete 
| 201|0x000000070d900000, 0x000000070da00000, 0x000000070da00000|100%| E|CS|TAMS 0x000000070d900000, 0x000000070d900000| Complete 
| 202|0x000000070da00000, 0x000000070db00000, 0x000000070db00000|100%| E|CS|TAMS 0x000000070da00000, 0x000000070da00000| Complete 
| 203|0x000000070db00000, 0x000000070dc00000, 0x000000070dc00000|100%| E|CS|TAMS 0x000000070db00000, 0x000000070db00000| Complete 
| 204|0x000000070dc00000, 0x000000070dd00000, 0x000000070dd00000|100%| E|CS|TAMS 0x000000070dc00000, 0x000000070dc00000| Complete 
| 205|0x000000070dd00000, 0x000000070de00000, 0x000000070de00000|100%| E|CS|TAMS 0x000000070dd00000, 0x000000070dd00000| Complete 
| 206|0x000000070de00000, 0x000000070df00000, 0x000000070df00000|100%| E|CS|TAMS 0x000000070de00000, 0x000000070de00000| Complete 
| 207|0x000000070df00000, 0x000000070e000000, 0x000000070e000000|100%| E|CS|TAMS 0x000000070df00000, 0x000000070df00000| Complete 
| 208|0x000000070e000000, 0x000000070e100000, 0x000000070e100000|100%| E|CS|TAMS 0x000000070e000000, 0x000000070e000000| Complete 
| 209|0x000000070e100000, 0x000000070e200000, 0x000000070e200000|100%| E|CS|TAMS 0x000000070e100000, 0x000000070e100000| Complete 
| 210|0x000000070e200000, 0x000000070e300000, 0x000000070e300000|100%| E|CS|TAMS 0x000000070e200000, 0x000000070e200000| Complete 
| 211|0x000000070e300000, 0x000000070e400000, 0x000000070e400000|100%| E|CS|TAMS 0x000000070e300000, 0x000000070e300000| Complete 
| 212|0x000000070e400000, 0x000000070e500000, 0x000000070e500000|100%| E|CS|TAMS 0x000000070e400000, 0x000000070e400000| Complete 
| 213|0x000000070e500000, 0x000000070e600000, 0x000000070e600000|100%| E|CS|TAMS 0x000000070e500000, 0x000000070e500000| Complete 
| 214|0x000000070e600000, 0x000000070e700000, 0x000000070e700000|100%| E|CS|TAMS 0x000000070e600000, 0x000000070e600000| Complete 
| 215|0x000000070e700000, 0x000000070e800000, 0x000000070e800000|100%| E|CS|TAMS 0x000000070e700000, 0x000000070e700000| Complete 
| 216|0x000000070e800000, 0x000000070e900000, 0x000000070e900000|100%| E|CS|TAMS 0x000000070e800000, 0x000000070e800000| Complete 
| 217|0x000000070e900000, 0x000000070ea00000, 0x000000070ea00000|100%| E|CS|TAMS 0x000000070e900000, 0x000000070e900000| Complete 
| 218|0x000000070ea00000, 0x000000070eb00000, 0x000000070eb00000|100%| E|CS|TAMS 0x000000070ea00000, 0x000000070ea00000| Complete 
| 219|0x000000070eb00000, 0x000000070ec00000, 0x000000070ec00000|100%| E|CS|TAMS 0x000000070eb00000, 0x000000070eb00000| Complete 
| 220|0x000000070ec00000, 0x000000070ed00000, 0x000000070ed00000|100%| E|CS|TAMS 0x000000070ec00000, 0x000000070ec00000| Complete 
| 221|0x000000070ed00000, 0x000000070ee00000, 0x000000070ee00000|100%| E|CS|TAMS 0x000000070ed00000, 0x000000070ed00000| Complete 
| 222|0x000000070ee00000, 0x000000070ef00000, 0x000000070ef00000|100%| E|CS|TAMS 0x000000070ee00000, 0x000000070ee00000| Complete 
| 223|0x000000070ef00000, 0x000000070f000000, 0x000000070f000000|100%| E|CS|TAMS 0x000000070ef00000, 0x000000070ef00000| Complete 
| 224|0x000000070f000000, 0x000000070f100000, 0x000000070f100000|100%| E|CS|TAMS 0x000000070f000000, 0x000000070f000000| Complete 
| 225|0x000000070f100000, 0x000000070f200000, 0x000000070f200000|100%| E|CS|TAMS 0x000000070f100000, 0x000000070f100000| Complete 
| 226|0x000000070f200000, 0x000000070f300000, 0x000000070f300000|100%| E|CS|TAMS 0x000000070f200000, 0x000000070f200000| Complete 
| 227|0x000000070f300000, 0x000000070f400000, 0x000000070f400000|100%| E|CS|TAMS 0x000000070f300000, 0x000000070f300000| Complete 
| 228|0x000000070f400000, 0x000000070f500000, 0x000000070f500000|100%| E|CS|TAMS 0x000000070f400000, 0x000000070f400000| Complete 
| 229|0x000000070f500000, 0x000000070f590868, 0x000000070f600000| 56%| E|CS|TAMS 0x000000070f500000, 0x000000070f500000| Complete 
| 230|0x000000070f600000, 0x000000070f700000, 0x000000070f700000|100%| E|CS|TAMS 0x000000070f600000, 0x000000070f600000| Complete 
| 231|0x000000070f700000, 0x000000070f800000, 0x000000070f800000|100%| E|CS|TAMS 0x000000070f700000, 0x000000070f700000| Complete 
| 232|0x000000070f800000, 0x000000070f900000, 0x000000070f900000|100%| E|CS|TAMS 0x000000070f800000, 0x000000070f800000| Complete 
| 233|0x000000070f900000, 0x000000070fa00000, 0x000000070fa00000|100%| E|CS|TAMS 0x000000070f900000, 0x000000070f900000| Complete 
| 234|0x000000070fa00000, 0x000000070fb00000, 0x000000070fb00000|100%| E|CS|TAMS 0x000000070fa00000, 0x000000070fa00000| Complete 
| 235|0x000000070fb00000, 0x000000070fc00000, 0x000000070fc00000|100%| E|CS|TAMS 0x000000070fb00000, 0x000000070fb00000| Complete 
| 236|0x000000070fc00000, 0x000000070fd00000, 0x000000070fd00000|100%| E|CS|TAMS 0x000000070fc00000, 0x000000070fc00000| Complete 
| 237|0x000000070fd00000, 0x000000070fe00000, 0x000000070fe00000|100%| E|CS|TAMS 0x000000070fd00000, 0x000000070fd00000| Complete 
| 238|0x000000070fe00000, 0x000000070ff00000, 0x000000070ff00000|100%| E|CS|TAMS 0x000000070fe00000, 0x000000070fe00000| Complete 
| 239|0x000000070ff00000, 0x0000000710000000, 0x0000000710000000|100%| E|CS|TAMS 0x000000070ff00000, 0x000000070ff00000| Complete 
| 240|0x0000000710000000, 0x0000000710100000, 0x0000000710100000|100%| E|CS|TAMS 0x0000000710000000, 0x0000000710000000| Complete 
| 241|0x0000000710100000, 0x0000000710200000, 0x0000000710200000|100%| E|CS|TAMS 0x0000000710100000, 0x0000000710100000| Complete 
| 242|0x0000000710200000, 0x0000000710300000, 0x0000000710300000|100%| E|CS|TAMS 0x0000000710200000, 0x0000000710200000| Complete 
| 243|0x0000000710300000, 0x0000000710400000, 0x0000000710400000|100%| E|CS|TAMS 0x0000000710300000, 0x0000000710300000| Complete 
| 244|0x0000000710400000, 0x0000000710500000, 0x0000000710500000|100%| E|CS|TAMS 0x0000000710400000, 0x0000000710400000| Complete 
| 245|0x0000000710500000, 0x0000000710600000, 0x0000000710600000|100%| E|CS|TAMS 0x0000000710500000, 0x0000000710500000| Complete 
| 246|0x0000000710600000, 0x0000000710700000, 0x0000000710700000|100%| E|CS|TAMS 0x0000000710600000, 0x0000000710600000| Complete 
| 247|0x0000000710700000, 0x0000000710800000, 0x0000000710800000|100%| E|CS|TAMS 0x0000000710700000, 0x0000000710700000| Complete 
| 248|0x0000000710800000, 0x0000000710900000, 0x0000000710900000|100%| E|CS|TAMS 0x0000000710800000, 0x0000000710800000| Complete 
| 249|0x0000000710900000, 0x0000000710a00000, 0x0000000710a00000|100%| E|CS|TAMS 0x0000000710900000, 0x0000000710900000| Complete 
| 250|0x0000000710a00000, 0x0000000710b00000, 0x0000000710b00000|100%| E|CS|TAMS 0x0000000710a00000, 0x0000000710a00000| Complete 
| 251|0x0000000710b00000, 0x0000000710c00000, 0x0000000710c00000|100%| E|CS|TAMS 0x0000000710b00000, 0x0000000710b00000| Complete 
| 252|0x0000000710c00000, 0x0000000710d00000, 0x0000000710d00000|100%| E|CS|TAMS 0x0000000710c00000, 0x0000000710c00000| Complete 
| 253|0x0000000710d00000, 0x0000000710e00000, 0x0000000710e00000|100%| E|CS|TAMS 0x0000000710d00000, 0x0000000710d00000| Complete 
| 254|0x0000000710e00000, 0x0000000710f00000, 0x0000000710f00000|100%| E|CS|TAMS 0x0000000710e00000, 0x0000000710e00000| Complete 
| 255|0x0000000710f00000, 0x0000000711000000, 0x0000000711000000|100%| E|CS|TAMS 0x0000000710f00000, 0x0000000710f00000| Complete 
| 256|0x0000000711000000, 0x0000000711100000, 0x0000000711100000|100%| O|  |TAMS 0x0000000711000000, 0x0000000711000000| Untracked 
| 257|0x0000000711100000, 0x0000000711200000, 0x0000000711200000|100%| O|  |TAMS 0x0000000711100000, 0x0000000711100000| Untracked 
| 258|0x0000000711200000, 0x0000000711300000, 0x0000000711300000|100%| O|  |TAMS 0x0000000711200000, 0x0000000711200000| Untracked 
| 259|0x0000000711300000, 0x0000000711400000, 0x0000000711400000|100%| O|  |TAMS 0x0000000711300000, 0x0000000711300000| Untracked 
| 260|0x0000000711400000, 0x0000000711500000, 0x0000000711500000|100%| O|  |TAMS 0x0000000711400000, 0x0000000711400000| Untracked 
| 261|0x0000000711500000, 0x0000000711600000, 0x0000000711600000|100%| O|  |TAMS 0x0000000711500000, 0x0000000711500000| Untracked 
| 262|0x0000000711600000, 0x0000000711700000, 0x0000000711700000|100%| O|  |TAMS 0x0000000711600000, 0x0000000711600000| Untracked 
| 263|0x0000000711700000, 0x0000000711800000, 0x0000000711800000|100%| O|  |TAMS 0x0000000711700000, 0x0000000711700000| Untracked 
| 264|0x0000000711800000, 0x0000000711900000, 0x0000000711900000|100%| O|  |TAMS 0x0000000711800000, 0x0000000711800000| Untracked 
| 265|0x0000000711900000, 0x0000000711a00000, 0x0000000711a00000|100%| O|  |TAMS 0x0000000711900000, 0x0000000711900000| Untracked 
| 266|0x0000000711a00000, 0x0000000711b00000, 0x0000000711b00000|100%| O|  |TAMS 0x0000000711a00000, 0x0000000711a00000| Untracked 
| 267|0x0000000711b00000, 0x0000000711c00000, 0x0000000711c00000|100%| O|  |TAMS 0x0000000711b00000, 0x0000000711b00000| Untracked 
| 268|0x0000000711c00000, 0x0000000711d00000, 0x0000000711d00000|100%| O|  |TAMS 0x0000000711c00000, 0x0000000711c00000| Untracked 
| 269|0x0000000711d00000, 0x0000000711e00000, 0x0000000711e00000|100%| O|  |TAMS 0x0000000711d00000, 0x0000000711d00000| Untracked 

Card table byte_map: [0x0000017979670000,0x0000017979e70000] _byte_map_base: 0x0000017975e68000

Marking Bits (Prev, Next): (CMBitMap*) 0x000001796e63a718, (CMBitMap*) 0x000001796e63a758
 Prev Bits: [0x000001797a670000, 0x000001797e630000)
 Next Bits: [0x000001790f000000, 0x0000017912fc0000)

Polling page: 0x000001796e6a0000

Metaspace:

Usage:
  Non-class:      8.53 MB capacity,     8.37 MB ( 98%) used,   144.15 KB (  2%) free+waste,    20.69 KB ( <1%) overhead. 
      Class:      1.06 MB capacity,   970.39 KB ( 89%) used,   102.98 KB (  9%) free+waste,    12.63 KB (  1%) overhead. 
       Both:      9.59 MB capacity,     9.32 MB ( 97%) used,   247.13 KB (  3%) free+waste,    33.31 KB ( <1%) overhead. 

Virtual space:
  Non-class space:       10.00 MB reserved,       8.75 MB ( 88%) committed 
      Class space:        1.00 GB reserved,       1.13 MB ( <1%) committed 
             Both:        1.01 GB reserved,       9.88 MB ( <1%) committed 

Chunk freelists:
   Non-Class:  34.00 KB
       Class:  2.00 KB
        Both:  36.00 KB

MaxMetaspaceSize: 17179869184.00 GB
CompressedClassSpaceSize: 1.00 GB

CodeHeap 'non-profiled nmethods': size=120000Kb used=1741Kb max_used=1741Kb free=118258Kb
 bounds [0x0000017907ad0000, 0x0000017907d40000, 0x000001790f000000]
CodeHeap 'profiled nmethods': size=120000Kb used=5339Kb max_used=5339Kb free=114660Kb
 bounds [0x00000179005a0000, 0x0000017900ae0000, 0x0000017907ad0000]
CodeHeap 'non-nmethods': size=5760Kb used=1309Kb max_used=1343Kb free=4450Kb
 bounds [0x0000017900000000, 0x0000017900270000, 0x00000179005a0000]
 total_blobs=4279 nmethods=2586 adapters=503
 compilation: enabled
              stopped_count=0, restarted_count=0
 full_count=0

Compilation events (20 events):
Event: 3473.931 Thread 0x000001797fa5a000 2576       3       sun.awt.image.IntegerInterleavedRaster::getDataOffset (7 bytes)
Event: 3473.931 Thread 0x000001797fa5a000 nmethod 2576 0x0000017900ad6990 code [0x0000017900ad6b40, 0x0000017900ad6cf8]
Event: 3473.940 Thread 0x000001797fa4d000 nmethod 2573 0x0000017907c7f690 code [0x0000017907c7f840, 0x0000017907c80158]
Event: 3473.940 Thread 0x000001797fa4d000 2580       4       sun.java2d.SurfaceData::<init> (36 bytes)
Event: 3473.946 Thread 0x000001797fa4d000 nmethod 2580 0x0000017907c80590 code [0x0000017907c80720, 0x0000017907c80b58]
Event: 3473.950 Thread 0x000001797fa4d000 2581       4       sun.awt.image.IntegerInterleavedRaster::getDataOffset (7 bytes)
Event: 3473.951 Thread 0x000001797fa4d000 nmethod 2581 0x0000017907c80c10 code [0x0000017907c80da0, 0x0000017907c80e58]
Event: 3473.983 Thread 0x000001797fa4d000 2582  s    4       sun.awt.Win32GraphicsConfig::getColorModel (8 bytes)
Event: 3473.985 Thread 0x000001797fa4d000 nmethod 2582 0x0000017907c80f10 code [0x0000017907c810a0, 0x0000017907c812f8]
Event: 3473.985 Thread 0x000001797fa4d000 2583       4       java.util.HashMap$HashIterator::hasNext (13 bytes)
Event: 3473.985 Thread 0x000001797fa4d000 nmethod 2583 0x0000017907c81410 code [0x0000017907c815a0, 0x0000017907c81618]
Event: 3473.985 Thread 0x000001797fa4d000 2584       4       sun.awt.image.IntegerComponentRaster::verify (410 bytes)
Event: 3473.993 Thread 0x000001797fa4d000 nmethod 2584 0x0000017907c81710 code [0x0000017907c818c0, 0x0000017907c81cd8]
Event: 3474.001 Thread 0x000001797fa4d000 2585       4       java.util.HashMap$HashIterator::nextNode (100 bytes)
Event: 3474.011 Thread 0x000001797fa4d000 nmethod 2585 0x0000017907c82090 code [0x0000017907c82220, 0x0000017907c82638]
Event: 3474.044 Thread 0x000001797fa4d000 2586       4       java.util.HashMap$KeyIterator::next (8 bytes)
Event: 3474.055 Thread 0x000001797fa4d000 nmethod 2586 0x0000017907c82790 code [0x0000017907c82920, 0x0000017907c82d38]
Event: 3474.055 Thread 0x000001797fa4d000 2587       4       java.awt.image.DirectColorModel::isCompatibleRaster (93 bytes)
Event: 3474.062 Thread 0x000001797fa4d000 nmethod 2587 0x0000017907c82f10 code [0x0000017907c830a0, 0x0000017907c83418]
Event: 3474.071 Thread 0x000001797fa4d000 2588       4       sun.awt.image.VolatileSurfaceManager::getBackupSurface (74 bytes)

GC Heap History (3 events):
Event: 78.062 GC heap before
{Heap before GC invocations=0 (full 0):
 garbage-first heap   total 262144K, used 24576K [0x0000000701000000, 0x0000000800000000)
  region size 1024K, 24 young (24576K), 0 survivors (0K)
 Metaspace       used 9010K, capacity 9297K, committed 9600K, reserved 1058816K
  class space    used 951K, capacity 1082K, committed 1152K, reserved 1048576K
}
Event: 78.065 GC heap after
{Heap after GC invocations=1 (full 0):
 garbage-first heap   total 262144K, used 2626K [0x0000000701000000, 0x0000000800000000)
  region size 1024K, 3 young (3072K), 3 survivors (3072K)
 Metaspace       used 9010K, capacity 9297K, committed 9600K, reserved 1058816K
  class space    used 951K, capacity 1082K, committed 1152K, reserved 1048576K
}
Event: 3474.139 GC heap before
{Heap before GC invocations=1 (full 0):
 garbage-first heap   total 262144K, used 164418K [0x0000000701000000, 0x0000000800000000)
  region size 1024K, 153 young (156672K), 3 survivors (3072K)
 Metaspace       used 9539K, capacity 9820K, committed 10112K, reserved 1058816K
  class space    used 970K, capacity 1086K, committed 1152K, reserved 1048576K
}

Deoptimization events (20 events):
Event: 3473.875 Thread 0x000001797fbaa000 Uncommon trap: trap_request=0xffffffc6 fr.pc=0x0000017907c102bc relative=0x000000000000055c
Event: 3473.875 Thread 0x000001797fbaa000 Uncommon trap: reason=bimorphic_or_optimized_type_check action=maybe_recompile pc=0x0000017907c102bc method=sun.java2d.Disposer.add(Ljava/lang/Object;Lsun/java2d/DisposerRecord;)V @ 11 c2
Event: 3473.875 Thread 0x000001797fbaa000 DEOPT PACKING pc=0x0000017907c102bc sp=0x0000001d6f7fe410
Event: 3473.875 Thread 0x000001797fbaa000 DEOPT UNPACKING pc=0x000001790004912f sp=0x0000001d6f7fe368 mode 2
Event: 3473.877 Thread 0x000001797fbaa000 Uncommon trap: trap_request=0xffffffc6 fr.pc=0x0000017907c102bc relative=0x000000000000055c
Event: 3473.877 Thread 0x000001797fbaa000 Uncommon trap: reason=bimorphic_or_optimized_type_check action=maybe_recompile pc=0x0000017907c102bc method=sun.java2d.Disposer.add(Ljava/lang/Object;Lsun/java2d/DisposerRecord;)V @ 11 c2
Event: 3473.877 Thread 0x000001797fbaa000 DEOPT PACKING pc=0x0000017907c102bc sp=0x0000001d6f7fe410
Event: 3473.878 Thread 0x000001797fbaa000 DEOPT UNPACKING pc=0x000001790004912f sp=0x0000001d6f7fe368 mode 2
Event: 3473.878 Thread 0x000001797fbaa000 Uncommon trap: trap_request=0xffffffc6 fr.pc=0x0000017907c102bc relative=0x000000000000055c
Event: 3473.878 Thread 0x000001797fbaa000 Uncommon trap: reason=bimorphic_or_optimized_type_check action=maybe_recompile pc=0x0000017907c102bc method=sun.java2d.Disposer.add(Ljava/lang/Object;Lsun/java2d/DisposerRecord;)V @ 11 c2
Event: 3473.878 Thread 0x000001797fbaa000 DEOPT PACKING pc=0x0000017907c102bc sp=0x0000001d6f7fe410
Event: 3473.878 Thread 0x000001797fbaa000 DEOPT UNPACKING pc=0x000001790004912f sp=0x0000001d6f7fe368 mode 2
Event: 3473.878 Thread 0x000001797fbaa000 Uncommon trap: trap_request=0xffffffc6 fr.pc=0x0000017907c102bc relative=0x000000000000055c
Event: 3473.878 Thread 0x000001797fbaa000 Uncommon trap: reason=bimorphic_or_optimized_type_check action=maybe_recompile pc=0x0000017907c102bc method=sun.java2d.Disposer.add(Ljava/lang/Object;Lsun/java2d/DisposerRecord;)V @ 11 c2
Event: 3473.878 Thread 0x000001797fbaa000 DEOPT PACKING pc=0x0000017907c102bc sp=0x0000001d6f7fe410
Event: 3473.878 Thread 0x000001797fbaa000 DEOPT UNPACKING pc=0x000001790004912f sp=0x0000001d6f7fe368 mode 2
Event: 3473.878 Thread 0x000001797fbaa000 Uncommon trap: trap_request=0xffffffc6 fr.pc=0x0000017907bed138 relative=0x0000000000000478
Event: 3473.878 Thread 0x000001797fbaa000 Uncommon trap: reason=bimorphic_or_optimized_type_check action=maybe_recompile pc=0x0000017907bed138 method=sun.java2d.Disposer.add(Ljava/lang/Object;Lsun/java2d/DisposerRecord;)V @ 11 c2
Event: 3473.878 Thread 0x000001797fbaa000 DEOPT PACKING pc=0x0000017907bed138 sp=0x0000001d6f7fe3b0
Event: 3473.878 Thread 0x000001797fbaa000 DEOPT UNPACKING pc=0x000001790004912f sp=0x0000001d6f7fe368 mode 2

Classes unloaded (0 events):
No events

Classes redefined (0 events):
No events

Internal exceptions (15 events):
Event: 0.113 Thread 0x000001796e5cf000 Exception <a 'java/lang/ClassNotFoundException'{0x0000000710efbe08}: sun/awt/resources/spi/awtProvider> (0x0000000710efbe08) 
thrown [t:/workspace/open/src/hotspot/share/classfile/systemDictionary.cpp, line 232]
Event: 0.137 Thread 0x000001796e5cf000 Exception <a 'java/io/FileNotFoundException'{0x0000000710d51400}> (0x0000000710d51400) 
thrown [t:/workspace/open/src/hotspot/share/prims/jni.cpp, line 598]
Event: 0.144 Thread 0x000001796e5cf000 Exception <a 'java/io/FileNotFoundException'{0x0000000710d77978}> (0x0000000710d77978) 
thrown [t:/workspace/open/src/hotspot/share/prims/jni.cpp, line 598]
Event: 0.196 Thread 0x000001797fbac000 Exception <a 'java/lang/NoSuchMethodError'{0x0000000710dfb3a0}: 'void java.lang.invoke.DirectMethodHandle$Holder.invokeSpecial(java.lang.Object, java.lang.Object)'> (0x0000000710dfb3a0) 
thrown [t:/workspace/open/src/hotspot/share/interpreter/linkResolver.cpp, line 767]
Event: 0.331 Thread 0x000001796e5cf000 Exception <a 'java/lang/NoSuchMethodError'{0x0000000710c43ed0}: 'java.lang.Object java.lang.invoke.DirectMethodHandle$Holder.invokeStatic(java.lang.Object, int, java.lang.Object, java.lang.Object, java.lang.Object, java.lang.Object)'> (0x0000000710c43ed0) 
thrown [t:/workspace/open/src/hotspot/share/interpreter/linkResolver.cpp, line 767]
Event: 0.331 Thread 0x000001796e5cf000 Exception <a 'java/lang/NoSuchMethodError'{0x0000000710c4a830}: 'java.lang.Object java.lang.invoke.DirectMethodHandle$Holder.invokeStatic(java.lang.Object, int, java.lang.Object, java.lang.Object, java.lang.Object)'> (0x0000000710c4a830) 
thrown [t:/workspace/open/src/hotspot/share/interpreter/linkResolver.cpp, line 767]
Event: 0.332 Thread 0x000001796e5cf000 Exception <a 'java/lang/NoSuchMethodError'{0x0000000710c4e098}: 'java.lang.Object java.lang.invoke.DirectMethodHandle$Holder.invokeSpecial(java.lang.Object, java.lang.Object, int, java.lang.Object, java.lang.Object, java.lang.Object)'> (0x0000000710c4e098) 
thrown [t:/workspace/open/src/hotspot/share/interpreter/linkResolver.cpp, line 767]
Event: 0.334 Thread 0x000001796e5cf000 Exception <a 'java/lang/NoSuchMethodError'{0x0000000710c643c0}: 'java.lang.Object java.lang.invoke.DirectMethodHandle$Holder.invokeStatic(java.lang.Object, int, java.lang.Object)'> (0x0000000710c643c0) 
thrown [t:/workspace/open/src/hotspot/share/interpreter/linkResolver.cpp, line 767]
Event: 0.354 Thread 0x000001796e5cf000 Exception <a 'java/lang/ClassNotFoundException'{0x0000000710b08220}: com/sun/swing/internal/plaf/metal/resources/spi/metalProvider> (0x0000000710b08220) 
thrown [t:/workspace/open/src/hotspot/share/classfile/systemDictionary.cpp, line 232]
Event: 0.355 Thread 0x000001796e5cf000 Exception <a 'java/lang/ClassNotFoundException'{0x0000000710b0c3f8}: com/sun/swing/internal/plaf/basic/resources/spi/basicProvider> (0x0000000710b0c3f8) 
thrown [t:/workspace/open/src/hotspot/share/classfile/systemDictionary.cpp, line 232]
Event: 0.386 Thread 0x000001796e5cf000 Exception <a 'java/lang/NoSuchMethodError'{0x0000000710b4a190}: 'void java.lang.invoke.DirectMethodHandle$Holder.invokeStaticInit(java.lang.Object)'> (0x0000000710b4a190) 
thrown [t:/workspace/open/src/hotspot/share/interpreter/linkResolver.cpp, line 767]
Event: 0.411 Thread 0x000001796e5cf000 Exception <a 'java/lang/NoSuchMethodError'{0x0000000710a24490}: 'java.lang.Object java.lang.invoke.Invokers$Holder.linkToTargetMethod(java.lang.Object, int, java.lang.Object)'> (0x0000000710a24490) 
thrown [t:/workspace/open/src/hotspot/share/interpreter/linkResolver.cpp, line 767]
Event: 311.966 Thread 0x000001797fbaa000 Implicit null exception at 0x0000017907bbb036 to 0x0000017907bbeaf6
Event: 331.870 Thread 0x000001797fbaa000 Implicit null exception at 0x0000017907b8cc9b to 0x0000017907b8d46c
Event: 3472.557 Thread 0x000001797fbaa000 Exception <a 'java/lang/NoSuchMethodError'{0x000000070e036fc0}: 'void java.lang.invoke.DirectMethodHandle$Holder.invokeVirtual(java.lang.Object, java.lang.Object)'> (0x000000070e036fc0) 
thrown [t:/workspace/open/src/hotspot/share/interpreter/linkResolver.cpp, line 767]

Events (20 events):
Event: 3473.860 loading class java/awt/image/WritableRaster
Event: 3473.861 loading class java/awt/image/WritableRaster done
Event: 3473.861 loading class sun/awt/image/SunWritableRaster done
Event: 3473.861 loading class java/awt/image/SinglePixelPackedSampleModel
Event: 3473.863 loading class java/awt/image/SampleModel
Event: 3473.864 loading class java/awt/image/SampleModel done
Event: 3473.864 loading class java/awt/image/SinglePixelPackedSampleModel done
Event: 3473.864 loading class sun/awt/image/IntegerInterleavedRaster
Event: 3473.865 loading class sun/awt/image/IntegerComponentRaster
Event: 3473.865 loading class sun/awt/image/IntegerComponentRaster done
Event: 3473.865 loading class sun/awt/image/IntegerInterleavedRaster done
Event: 3473.870 loading class java/awt/image/BufferedImage$1
Event: 3473.870 loading class java/awt/image/BufferedImage$1 done
Event: 3473.870 loading class sun/awt/image/BufImgSurfaceData
Event: 3473.871 loading class sun/awt/image/BufImgSurfaceData done
Event: 3473.874 loading class sun/awt/image/BufImgSurfaceData$ICMColorData
Event: 3473.874 loading class sun/awt/image/BufImgSurfaceData$ICMColorData done
Event: 3473.874 loading class sun/java2d/loops/RenderLoops
Event: 3473.874 loading class sun/java2d/loops/RenderLoops done
Event: 3474.139 Executing VM operation: G1CollectForAllocation


Dynamic libraries:
0x00007ff60c0b0000 - 0x00007ff60c0bf000 	C:\Program Files\Java\jdk-13.0.1\bin\javaw.exe
0x00007ffa0f200000 - 0x00007ffa0f3f0000 	C:\WINDOWS\SYSTEM32\ntdll.dll
0x00007ffa0e010000 - 0x00007ffa0e0c2000 	C:\WINDOWS\System32\KERNEL32.DLL
0x00007ffa0c530000 - 0x00007ffa0c7d4000 	C:\WINDOWS\System32\KERNELBASE.dll
0x00007ffa0c1c0000 - 0x00007ffa0c2ba000 	C:\WINDOWS\System32\ucrtbase.dll
0x00007ff9f44b0000 - 0x00007ff9f44c8000 	C:\Program Files\Java\jdk-13.0.1\bin\jli.dll
0x00007ff9f49d0000 - 0x00007ff9f49e5000 	C:\Program Files\Java\jdk-13.0.1\bin\VCRUNTIME140.dll
0x00007ffa0d2b0000 - 0x00007ffa0d353000 	C:\WINDOWS\System32\ADVAPI32.dll
0x00007ffa0e840000 - 0x00007ffa0e8de000 	C:\WINDOWS\System32\msvcrt.dll
0x00007ffa0d5a0000 - 0x00007ffa0d637000 	C:\WINDOWS\System32\sechost.dll
0x00007ffa0dac0000 - 0x00007ffa0dbe0000 	C:\WINDOWS\System32\RPCRT4.dll
0x00007ffa0ddf0000 - 0x00007ffa0df84000 	C:\WINDOWS\System32\USER32.dll
0x00007ffa0ca80000 - 0x00007ffa0caa1000 	C:\WINDOWS\System32\win32u.dll
0x00007ffa02910000 - 0x00007ffa02b94000 	C:\WINDOWS\WinSxS\amd64_microsoft.windows.common-controls_6595b64144ccf1df_6.0.18362.836_none_e6c4b943130f18ed\COMCTL32.dll
0x00007ffa0d570000 - 0x00007ffa0d596000 	C:\WINDOWS\System32\GDI32.dll
0x00007ffa0d640000 - 0x00007ffa0d976000 	C:\WINDOWS\System32\combase.dll
0x00007ffa0c320000 - 0x00007ffa0c4b4000 	C:\WINDOWS\System32\gdi32full.dll
0x00007ffa0d230000 - 0x00007ffa0d2b0000 	C:\WINDOWS\System32\bcryptPrimitives.dll
0x00007ffa0c930000 - 0x00007ffa0c9ce000 	C:\WINDOWS\System32\msvcp_win.dll
0x00007ffa07dc0000 - 0x00007ffa07dca000 	C:\WINDOWS\SYSTEM32\VERSION.dll
0x00007ffa0f180000 - 0x00007ffa0f1ae000 	C:\WINDOWS\System32\IMM32.DLL
0x00007ff9f4120000 - 0x00007ff9f41bb000 	C:\Program Files\Java\jdk-13.0.1\bin\msvcp140.dll
0x00007ff9b9060000 - 0x00007ff9b9bc6000 	C:\Program Files\Java\jdk-13.0.1\bin\server\jvm.dll
0x00007ffa0f1b0000 - 0x00007ffa0f1b8000 	C:\WINDOWS\System32\PSAPI.DLL
0x00007ffa08260000 - 0x00007ffa08269000 	C:\WINDOWS\SYSTEM32\WSOCK32.dll
0x00007ffa04ea0000 - 0x00007ffa04ec4000 	C:\WINDOWS\SYSTEM32\WINMM.dll
0x00007ffa0e8e0000 - 0x00007ffa0e94f000 	C:\WINDOWS\System32\WS2_32.dll
0x00007ffa04e70000 - 0x00007ffa04e9d000 	C:\WINDOWS\SYSTEM32\winmmbase.dll
0x00007ffa0c4e0000 - 0x00007ffa0c52a000 	C:\WINDOWS\System32\cfgmgr32.dll
0x00007ffa0c0f0000 - 0x00007ffa0c101000 	C:\WINDOWS\System32\kernel.appcore.dll
0x00007ffa06790000 - 0x00007ffa067a0000 	C:\Program Files\Java\jdk-13.0.1\bin\verify.dll
0x00007ffa08060000 - 0x00007ffa08254000 	C:\WINDOWS\SYSTEM32\DBGHELP.DLL
0x00007ffa06ec0000 - 0x00007ffa06eea000 	C:\WINDOWS\SYSTEM32\dbgcore.DLL
0x00007ff9fa9c0000 - 0x00007ff9fa9e6000 	C:\Program Files\Java\jdk-13.0.1\bin\java.dll
0x00007ffa06550000 - 0x00007ffa06567000 	C:\Program Files\Java\jdk-13.0.1\bin\zip.dll
0x00007ffa06780000 - 0x00007ffa0678a000 	C:\Program Files\Java\jdk-13.0.1\bin\jimage.dll
0x00007ffa0ea90000 - 0x00007ffa0f174000 	C:\WINDOWS\System32\SHELL32.dll
0x00007ffa0d430000 - 0x00007ffa0d4d9000 	C:\WINDOWS\System32\shcore.dll
0x00007ffa0cab0000 - 0x00007ffa0d22e000 	C:\WINDOWS\System32\windows.storage.dll
0x00007ffa0c160000 - 0x00007ffa0c183000 	C:\WINDOWS\System32\profapi.dll
0x00007ffa0c110000 - 0x00007ffa0c15a000 	C:\WINDOWS\System32\powrprof.dll
0x00007ffa0c0c0000 - 0x00007ffa0c0d0000 	C:\WINDOWS\System32\UMPDC.dll
0x00007ffa0e0d0000 - 0x00007ffa0e122000 	C:\WINDOWS\System32\shlwapi.dll
0x00007ffa0c4c0000 - 0x00007ffa0c4d7000 	C:\WINDOWS\System32\cryptsp.dll
0x00007ffa04310000 - 0x00007ffa04329000 	C:\Program Files\Java\jdk-13.0.1\bin\net.dll
0x00007ffa04010000 - 0x00007ffa04100000 	C:\WINDOWS\SYSTEM32\WINHTTP.dll
0x00007ffa0b930000 - 0x00007ffa0b997000 	C:\WINDOWS\system32\mswsock.dll
0x00007ff9f9a60000 - 0x00007ff9f9a73000 	C:\Program Files\Java\jdk-13.0.1\bin\nio.dll
0x00007ff9d0620000 - 0x00007ff9d07b9000 	C:\Program Files\Java\jdk-13.0.1\bin\awt.dll
0x00007ffa0d360000 - 0x00007ffa0d424000 	C:\WINDOWS\System32\OLEAUT32.dll
0x00007ffa08e70000 - 0x00007ffa09430000 	C:\WINDOWS\SYSTEM32\d2d1.dll
0x00007ffa0a250000 - 0x00007ffa0a2df000 	C:\WINDOWS\SYSTEM32\apphelp.dll
0x00007ffa0a970000 - 0x00007ffa0a99d000 	C:\WINDOWS\system32\DWMAPI.DLL
0x00007ffa0a340000 - 0x00007ffa0a3d9000 	C:\WINDOWS\system32\uxtheme.dll
0x00007ff9d2380000 - 0x00007ff9d24d6000 	C:\WINDOWS\system32\opengl32.dll
0x00007ff9f2fc0000 - 0x00007ff9f2fec000 	C:\WINDOWS\SYSTEM32\GLU32.dll
0x00007ffa0ad30000 - 0x00007ffa0ad50000 	C:\WINDOWS\SYSTEM32\dxcore.dll
0x00007ffa0e950000 - 0x00007ffa0ea86000 	C:\WINDOWS\System32\MSCTF.dll
0x00007ffa0e130000 - 0x00007ffa0e287000 	C:\WINDOWS\System32\ole32.dll
0x00007ff9f1310000 - 0x00007ff9f14d7000 	C:\WINDOWS\system32\d3d9.dll
0x00007ff9ff090000 - 0x00007ff9ff17e000 	C:\WINDOWS\System32\DriverStore\FileRepository\nvdm.inf_amd64_467453e195c891cd\nvldumdx.dll
0x00007ffa0c7e0000 - 0x00007ffa0c929000 	C:\WINDOWS\System32\crypt32.dll
0x00007ffa0c0d0000 - 0x00007ffa0c0e2000 	C:\WINDOWS\System32\MSASN1.dll
0x00007ffa0c2c0000 - 0x00007ffa0c31c000 	C:\WINDOWS\System32\WINTRUST.DLL
0x00007ffa0e290000 - 0x00007ffa0e2ad000 	C:\WINDOWS\System32\imagehlp.dll
0x00007ffa0b4a0000 - 0x00007ffa0b4d3000 	C:\WINDOWS\system32\rsaenh.dll
0x00007ffa0c190000 - 0x00007ffa0c1b6000 	C:\WINDOWS\System32\bcrypt.dll
0x00007ffa0bb00000 - 0x00007ffa0bb0c000 	C:\WINDOWS\SYSTEM32\CRYPTBASE.dll
0x00007ff9b5240000 - 0x00007ff9b66db000 	C:\WINDOWS\System32\DriverStore\FileRepository\nvdm.inf_amd64_467453e195c891cd\nvd3dumx.dll
0x00007ffa07d50000 - 0x00007ffa07d7f000 	C:\WINDOWS\system32\cryptnet.dll
0x00007ffa0ace0000 - 0x00007ffa0ad02000 	C:\WINDOWS\SYSTEM32\gpapi.dll
0x00007ff9f2ef0000 - 0x00007ff9f2f72000 	C:\Program Files\Java\jdk-13.0.1\bin\freetype.dll
0x00007ff9f23b0000 - 0x00007ff9f2456000 	C:\Program Files\Java\jdk-13.0.1\bin\fontmanager.dll
0x00007ff9fa0e0000 - 0x00007ff9fa17e000 	C:\WINDOWS\System32\TextInputFramework.dll
0x00007ffa02bf0000 - 0x00007ffa02f1a000 	C:\WINDOWS\System32\CoreUIComponents.dll
0x00007ffa0a040000 - 0x00007ffa0a114000 	C:\WINDOWS\System32\CoreMessaging.dll
0x00007ffa0b120000 - 0x00007ffa0b151000 	C:\WINDOWS\SYSTEM32\ntmarta.dll
0x00007ffa08410000 - 0x00007ffa08563000 	C:\WINDOWS\SYSTEM32\wintypes.dll
0x00007ff9fa660000 - 0x00007ff9fa906000 	C:\WINDOWS\System32\iertutil.dll
0x00007ffa0e2b0000 - 0x00007ffa0e352000 	C:\WINDOWS\System32\clbcatq.dll
0x00007ffa024d0000 - 0x00007ffa0267f000 	C:\WINDOWS\SYSTEM32\WindowsCodecs.dll
0x00007ff9e9e20000 - 0x00007ff9e9e5a000 	C:\WINDOWS\system32\dataexchange.dll
0x00007ffa09430000 - 0x00007ffa0968b000 	C:\WINDOWS\system32\d3d11.dll
0x00007ffa09af0000 - 0x00007ffa09ccc000 	C:\WINDOWS\system32\dcomp.dll
0x00007ffa0adc0000 - 0x00007ffa0aeab000 	C:\WINDOWS\system32\dxgi.dll
0x00007ffa0a500000 - 0x00007ffa0a761000 	C:\WINDOWS\system32\twinapi.appcore.dll
0x00007ffa0a940000 - 0x00007ffa0a969000 	C:\WINDOWS\system32\RMCLIENT.dll

dbghelp: loaded successfully - version: 4.0.5 - missing functions: none
symbol engine: initialized successfully - sym options: 0x614 - pdb path: .;C:\Program Files\Java\jdk-13.0.1\bin;C:\WINDOWS\SYSTEM32;C:\WINDOWS\WinSxS\amd64_microsoft.windows.common-controls_6595b64144ccf1df_6.0.18362.836_none_e6c4b943130f18ed;C:\Program Files\Java\jdk-13.0.1\bin\server;C:\WINDOWS\System32\DriverStore\FileRepository\nvdm.inf_amd64_467453e195c891cd

VM Arguments:
jvm_args: -Dfile.encoding=Cp1252 
java_command: GameView.FirstWindow
java_class_path (initial): C:\Users\DELL\Desktop\for try\HS-M2\bin;C:\Users\DELL\.p2\pool\plugins\org.junit.jupiter.api_5.5.1.v20190826-0900.jar;C:\Users\DELL\.p2\pool\plugins\org.junit.jupiter.engine_5.5.1.v20190826-0900.jar;C:\Users\DELL\.p2\pool\plugins\org.junit.jupiter.migrationsupport_5.5.1.v20190826-0900.jar;C:\Users\DELL\.p2\pool\plugins\org.junit.jupiter.params_5.5.1.v20190826-0900.jar;C:\Users\DELL\.p2\pool\plugins\org.junit.platform.commons_1.5.1.v20190826-0900.jar;C:\Users\DELL\.p2\pool\plugins\org.junit.platform.engine_1.5.1.v20190826-0900.jar;C:\Users\DELL\.p2\pool\plugins\org.junit.platform.launcher_1.5.1.v20190826-0900.jar;C:\Users\DELL\.p2\pool\plugins\org.junit.platform.runner_1.5.1.v20190826-0900.jar;C:\Users\DELL\.p2\pool\plugins\org.junit.platform.suite.api_1.5.1.v20190826-0900.jar;C:\Users\DELL\.p2\pool\plugins\org.junit.vintage.engine_5.5.1.v20190826-0900.jar;C:\Users\DELL\.p2\pool\plugins\org.opentest4j_1.2.0.v20190826-0900.jar;C:\Users\DELL\.p2\pool\plugins\org.apiguardian_1.1.0.v20190826-0900.jar;C:\Users\DELL\.p2\pool\plugins\org.junit_4.12.0.v201504281640\junit.jar;C:\Users\DELL\.p2\pool\plugins\org.hamcrest.core_1.3.0.v20180420-1519.jar
Launcher Type: SUN_STANDARD

[Global flags]
     intx CICompilerCount                          = 4                                         {product} {ergonomic}
     uint ConcGCThreads                            = 2                                         {product} {ergonomic}
     uint G1ConcRefinementThreads                  = 8                                         {product} {ergonomic}
   size_t G1HeapRegionSize                         = 1048576                                   {product} {ergonomic}
    uintx GCDrainStackTargetSize                   = 64                                        {product} {ergonomic}
   size_t InitialHeapSize                          = 268435456                                 {product} {ergonomic}
   size_t MarkStackSize                            = 4194304                                   {product} {ergonomic}
   size_t MaxHeapSize                              = 4278190080                                {product} {ergonomic}
   size_t MaxNewSize                               = 2566914048                                {product} {ergonomic}
   size_t MinHeapDeltaBytes                        = 1048576                                   {product} {ergonomic}
   size_t MinHeapSize                              = 8388608                                   {product} {ergonomic}
    uintx NonNMethodCodeHeapSize                   = 5836300                                {pd product} {ergonomic}
    uintx NonProfiledCodeHeapSize                  = 122910970                              {pd product} {ergonomic}
    uintx ProfiledCodeHeapSize                     = 122910970                              {pd product} {ergonomic}
    uintx ReservedCodeCacheSize                    = 251658240                              {pd product} {ergonomic}
     bool SegmentedCodeCache                       = true                                      {product} {ergonomic}
   size_t SoftMaxHeapSize                          = 4278190080                             {manageable} {ergonomic}
     bool UseCompressedClassPointers               = true                                 {lp64_product} {ergonomic}
     bool UseCompressedOops                        = true                                 {lp64_product} {ergonomic}
     bool UseG1GC                                  = true                                      {product} {ergonomic}
     bool UseLargePagesIndividualAllocation        = false                                  {pd product} {ergonomic}

Logging:
Log output configuration:
 #0: stdout all=warning uptime,level,tags
 #1: stderr all=off uptime,level,tags

Environment Variables:
PATH=C:/Program Files/Java/jdk-13.0.1/bin/server;C:/Program Files/Java/jdk-13.0.1/bin;C:\Windows\system32;C:\Windows;C:\Windows\System32\Wbem;C:\Windows\System32\WindowsPowerShell\v1.0\;C:\Program Files (x86)\Intel\Intel(R) Management Engine Components\DAL;C:\Program Files\Intel\Intel(R) Management Engine Components\DAL;C:\Program Files\Intel\WiFi\bin\;C:\Program Files\Common Files\Intel\WirelessCommon\;C:\Program Files (x86)\NVIDIA Corporation\PhysX\Common;%SystemRoot%\system32;%SystemRoot%;%SystemRoot%\System32\Wbem;%SYSTEMROOT%\System32\WindowsPowerShell\v1.0\;%SYSTEMROOT%\System32\OpenSSH\;C:\Users\DELL\AppData\Local\Microsoft\WindowsApps;;C:\Users\DELL\Desktop;
USERNAME=DELL
OS=Windows_NT
PROCESSOR_IDENTIFIER=Intel64 Family 6 Model 94 Stepping 3, GenuineIntel



---------------  S Y S T E M  ---------------

OS: Windows 10 , 64 bit Build 18362 (10.0.18362.778)

CPU:total 8 (initial active 8) (4 cores per cpu, 2 threads per core) family 6 model 94 stepping 3, cmov, cx8, fxsr, mmx, sse, sse2, sse3, ssse3, sse4.1, sse4.2, popcnt, avx, avx2, aes, clmul, erms, rtm, 3dnowpref, lzcnt, ht, tsc, tscinvbit, bmi1, bmi2, adx, fma

Memory: 4k page, system-wide physical 16315M (2513M free)
TotalPageFile size 46699M (AvailPageFile size 8M)
current process WorkingSet (physical memory assigned to process): 516M, peak: 516M
current process commit charge ("private bytes"): 1101M, peak: 1102M

vm_info: Java HotSpot(TM) 64-Bit Server VM (13.0.1+9) for windows-amd64 JRE (13.0.1+9), built on Oct  6 2019 12:37:49 by "mach5one" with unknown MS VC++:1916

END.
