#
# There is insufficient memory for the Java Runtime Environment to continue.
# Native memory allocation (mmap) failed to map 12582912 bytes for Failed to commit area from 0x0000000711b00000 to 0x0000000712700000 of length 12582912.
# Possible reasons:
#   The system is out of physical RAM or swap space
#   The process is running with CompressedOops enabled, and the Java Heap may be blocking the growth of the native heap
# Possible solutions:
#   Reduce memory load on the system
#   Increase physical memory or swap space
#   Check if swap backing store is full
#   Decrease Java heap size (-Xmx/-Xms)
#   Decrease number of Java threads
#   Decrease Java thread stack sizes (-Xss)
#   Set larger code cache with -XX:ReservedCodeCacheSize=
#   JVM is running with Zero Based Compressed Oops mode in which the Java heap is
#     placed in the first 32GB address space. The Java Heap base address is the
#     maximum limit for the native heap growth. Please use -XX:HeapBaseMinAddress
#     to set the Java Heap base and to place the Java Heap above 32GB virtual address.
# This output file may be truncated or incomplete.
#
#  Out of Memory Error (t:/workspace/open/src/hotspot/os/windows/os_windows.cpp:3301), pid=20316, tid=11148
#
# JRE version: Java(TM) SE Runtime Environment (13.0.1+9) (build 13.0.1+9)
# Java VM: Java HotSpot(TM) 64-Bit Server VM (13.0.1+9, mixed mode, sharing, tiered, compressed oops, g1 gc, windows-amd64)
# No core dump will be written. Minidumps are not enabled by default on client versions of Windows
#

---------------  S U M M A R Y ------------

Command Line: -Dfile.encoding=Cp1252 GameView.FirstWindow

Host: Intel(R) Core(TM) i7-6820HQ CPU @ 2.70GHz, 8 cores, 15G,  Windows 10 , 64 bit Build 18362 (10.0.18362.778)
Time: Fri May 15 09:54:21 2020 Egypt Standard Time elapsed time: 13248 seconds (0d 3h 40m 48s)

---------------  T H R E A D  ---------------

Current thread (0x00000268edd01000):  VMThread "VM Thread" [stack: 0x000000bede600000,0x000000bede700000] [id=11148]

Stack: [0x000000bede600000,0x000000bede700000]
[error occurred during error reporting (printing stack bounds), id 0xc0000005, EXCEPTION_ACCESS_VIOLATION (0xc0000005) at pc=0x00000268d25c10ad]

Native frames: (J=compiled Java code, j=interpreted, Vv=VM code, C=native code)
V  [jvm.dll+0x626eca]
V  [jvm.dll+0x772c6a]
V  [jvm.dll+0x77441f]
V  [jvm.dll+0x774985]
V  [jvm.dll+0x77493b]
V  [jvm.dll+0x6266ff]
C  [ntdll.dll+0x785b6]
C  [ntdll.dll+0x6a056]
C  [ntdll.dll+0x9fe3e]
C  0x00000268d25c10ad

VM_Operation (0x000000bede2ff490): G1Concurrent, mode: safepoint, requested by thread 0x00000268ca149800


---------------  P R O C E S S  ---------------

Threads class SMR info:
_java_thread_list=0x00000268f7438e10, length=18, elements={
0x00000268edd03000, 0x00000268edd06800, 0x00000268edd1d800, 0x00000268ee5a8800,
0x00000268ee5aa800, 0x00000268ee5b2000, 0x00000268ee5dc000, 0x00000268ee714000,
0x00000268ee70e000, 0x00000268ee710800, 0x00000268ee714800, 0x00000268ee70f000,
0x00000268ee713000, 0x00000268ee711800, 0x00000268ee712000, 0x00000268ef13a000,
0x0000026894dd2000, 0x00000268949e3800
}

Java Threads: ( => current thread )
  0x00000268edd03000 JavaThread "Reference Handler" daemon [_thread_blocked, id=17472, stack(0x000000bede700000,0x000000bede800000)]
  0x00000268edd06800 JavaThread "Finalizer" daemon [_thread_blocked, id=18664, stack(0x000000bede800000,0x000000bede900000)]
  0x00000268edd1d800 JavaThread "Signal Dispatcher" daemon [_thread_blocked, id=5604, stack(0x000000bede900000,0x000000bedea00000)]
  0x00000268ee5a8800 JavaThread "Attach Listener" daemon [_thread_blocked, id=20624, stack(0x000000bedea00000,0x000000bedeb00000)]
  0x00000268ee5aa800 JavaThread "C2 CompilerThread0" daemon [_thread_blocked, id=12700, stack(0x000000bedeb00000,0x000000bedec00000)]
  0x00000268ee5b2000 JavaThread "C1 CompilerThread0" daemon [_thread_blocked, id=17108, stack(0x000000bedec00000,0x000000beded00000)]
  0x00000268ee5dc000 JavaThread "Sweeper thread" daemon [_thread_blocked, id=22212, stack(0x000000beded00000,0x000000bedee00000)]
  0x00000268ee714000 JavaThread "Service Thread" daemon [_thread_blocked, id=16768, stack(0x000000bedee00000,0x000000bedef00000)]
  0x00000268ee70e000 JavaThread "Common-Cleaner" daemon [_thread_blocked, id=19688, stack(0x000000bedf000000,0x000000bedf100000)]
  0x00000268ee710800 JavaThread "Java2D Disposer" daemon [_thread_blocked, id=23048, stack(0x000000bedf100000,0x000000bedf200000)]
  0x00000268ee714800 JavaThread "AWT-Shutdown" [_thread_blocked, id=22736, stack(0x000000bedf200000,0x000000bedf300000)]
  0x00000268ee70f000 JavaThread "AWT-Windows" daemon [_thread_in_native, id=12292, stack(0x000000bedf300000,0x000000bedf400000)]
  0x00000268ee713000 JavaThread "AWT-EventQueue-0" [_thread_blocked, id=23088, stack(0x000000bedf600000,0x000000bedf700000)]
  0x00000268ee711800 JavaThread "D3D Screen Updater" daemon [_thread_blocked, id=18972, stack(0x000000bedf700000,0x000000bedf800000)]
  0x00000268ee712000 JavaThread "DestroyJavaVM" [_thread_blocked, id=21588, stack(0x000000bede000000,0x000000bede100000)]
  0x00000268ef13a000 JavaThread "TimerQueue" daemon [_thread_blocked, id=5588, stack(0x000000bedf830000,0x000000bedf930000)]
  0x0000026894dd2000 JavaThread "C2 CompilerThread1" daemon [_thread_blocked, id=22892, stack(0x000000bee0130000,0x000000bee0230000)]
  0x00000268949e3800 JavaThread "C2 CompilerThread2" daemon [_thread_blocked, id=23596, stack(0x000000bee0230000,0x000000bee0330000)]

Other Threads:
=>0x00000268edd01000 VMThread "VM Thread" [stack: 0x000000bede600000,0x000000bede700000] [id=11148]
  0x00000268ee727800 WatcherThread [stack: 0x000000bedef00000,0x000000bedf000000] [id=21784]
  0x00000268ca127800 GCTaskThread "GC Thread#0" [stack: 0x000000bede100000,0x000000bede200000] [id=21512]
  0x00000268fe36f000 GCTaskThread "GC Thread#1" [stack: 0x000000beddd00000,0x000000bedde00000] [id=16512]
  0x00000268fe7db800 GCTaskThread "GC Thread#2" [stack: 0x000000bedde00000,0x000000beddf00000] [id=21564]
  0x00000268fe7dc800 GCTaskThread "GC Thread#3" [stack: 0x000000beddf00000,0x000000bede000000] [id=13700]
  0x00000268fdd76800 GCTaskThread "GC Thread#4" [stack: 0x000000bedfc30000,0x000000bedfd30000] [id=14268]
  0x00000268fdd77000 GCTaskThread "GC Thread#5" [stack: 0x000000bedfd30000,0x000000bedfe30000] [id=20892]
  0x00000268ca149800 ConcurrentGCThread "G1 Main Marker" [stack: 0x000000bede200000,0x000000bede300000] [id=20276]
  0x00000268ca14b000 ConcurrentGCThread "G1 Conc#0" [stack: 0x000000bede300000,0x000000bede400000] [id=23288]
  0x0000026894ae4800 ConcurrentGCThread "G1 Conc#1" [stack: 0x000000bee0330000,0x000000bee0430000] [id=24096]
  0x00000268edbfd800 ConcurrentGCThread "G1 Refine#0" [stack: 0x000000bede400000,0x000000bede500000] [id=9716]
  0x00000268f743a000 ConcurrentGCThread "G1 Refine#1" [stack: 0x000000bedfb30000,0x000000bedfc30000] [id=26104]
  0x00000268ffafe800 ConcurrentGCThread "G1 Refine#2" [stack: 0x000000bedfe30000,0x000000bedff30000] [id=17068]
  0x00000268f7438800 ConcurrentGCThread "G1 Refine#3" [stack: 0x000000bedff30000,0x000000bee0030000] [id=10776]
  0x00000268feb2a000 ConcurrentGCThread "G1 Refine#4" [stack: 0x000000bee0030000,0x000000bee0130000] [id=20904]
  0x00000268edbfe800 ConcurrentGCThread "G1 Young RemSet Sampling" [stack: 0x000000bede500000,0x000000bede600000] [id=2168]

Threads with active compile tasks:

VM state:at safepoint (normal execution)

VM Mutex/Monitor currently owned by a thread:  ([mutex/lock_event])
[0x00000268ca0ba2a0] Threads_lock - owner thread: 0x00000268edd01000
[0x00000268ca0b8830] Heap_lock - owner thread: 0x00000268ca149800

Heap address: 0x0000000701000000, size: 4080 MB, Compressed Oops mode: Zero based, Oop shift amount: 3
Narrow klass base: 0x0000000800000000, Narrow klass shift: 3
Compressed class space size: 1073741824 Address: 0x0000000800b40000

Heap:
 garbage-first heap   total 285696K, used 169984K [0x0000000701000000, 0x0000000800000000)
  region size 1024K, 4 young (4096K), 2 survivors (2048K)
 Metaspace       used 9366K, capacity 9617K, committed 9856K, reserved 1058816K
  class space    used 955K, capacity 1056K, committed 1152K, reserved 1048576K
Heap Regions: E=young(eden), S=young(survivor), O=old, HS=humongous(starts), HC=humongous(continues), CS=collection set, F=free, A=archive, TAMS=top-at-mark-start (previous, next)
|   0|0x0000000701000000, 0x0000000701100000, 0x0000000701100000|100%|HS|  |TAMS 0x0000000701100000, 0x0000000701000000| Complete 
|   1|0x0000000701100000, 0x0000000701200000, 0x0000000701200000|100%|HC|  |TAMS 0x0000000701200000, 0x0000000701100000| Complete 
|   2|0x0000000701200000, 0x0000000701300000, 0x0000000701300000|100%|HC|  |TAMS 0x0000000701300000, 0x0000000701200000| Complete 
|   3|0x0000000701300000, 0x0000000701400000, 0x0000000701400000|100%|HC|  |TAMS 0x0000000701400000, 0x0000000701300000| Complete 
|   4|0x0000000701400000, 0x0000000701500000, 0x0000000701500000|100%|HC|  |TAMS 0x0000000701500000, 0x0000000701400000| Complete 
|   5|0x0000000701500000, 0x0000000701600000, 0x0000000701600000|100%|HC|  |TAMS 0x0000000701600000, 0x0000000701500000| Complete 
|   6|0x0000000701600000, 0x0000000701700000, 0x0000000701700000|100%|HC|  |TAMS 0x0000000701700000, 0x0000000701600000| Complete 
|   7|0x0000000701700000, 0x0000000701800000, 0x0000000701800000|100%|HC|  |TAMS 0x0000000701800000, 0x0000000701700000| Complete 
|   8|0x0000000701800000, 0x0000000701900000, 0x0000000701900000|100%| O|  |TAMS 0x0000000701900000, 0x0000000701800000| Updating 
|   9|0x0000000701900000, 0x0000000701a00000, 0x0000000701a00000|100%| O|  |TAMS 0x0000000701a00000, 0x0000000701900000| Updating 
|  10|0x0000000701a00000, 0x0000000701b00000, 0x0000000701b00000|100%| O|  |TAMS 0x0000000701b00000, 0x0000000701a00000| Updating 
|  11|0x0000000701b00000, 0x0000000701c00000, 0x0000000701c00000|100%| O|  |TAMS 0x0000000701c00000, 0x0000000701b00000| Updating 
|  12|0x0000000701c00000, 0x0000000701d00000, 0x0000000701d00000|100%| O|  |TAMS 0x0000000701d00000, 0x0000000701c00000| Updating 
|  13|0x0000000701d00000, 0x0000000701e00000, 0x0000000701e00000|100%| O|  |TAMS 0x0000000701e00000, 0x0000000701d00000| Updating 
|  14|0x0000000701e00000, 0x0000000701f00000, 0x0000000701f00000|100%| O|  |TAMS 0x0000000701f00000, 0x0000000701e00000| Updating 
|  15|0x0000000701f00000, 0x0000000702000000, 0x0000000702000000|100%| O|  |TAMS 0x0000000702000000, 0x0000000701f00000| Updating 
|  16|0x0000000702000000, 0x0000000702100000, 0x0000000702100000|100%| O|  |TAMS 0x0000000702100000, 0x0000000702000000| Updating 
|  17|0x0000000702100000, 0x0000000702200000, 0x0000000702200000|100%| O|  |TAMS 0x0000000702200000, 0x0000000702100000| Updating 
|  18|0x0000000702200000, 0x0000000702300000, 0x0000000702300000|100%| O|  |TAMS 0x0000000702300000, 0x0000000702200000| Updating 
|  19|0x0000000702300000, 0x0000000702400000, 0x0000000702400000|100%| O|  |TAMS 0x0000000702400000, 0x0000000702300000| Updating 
|  20|0x0000000702400000, 0x0000000702500000, 0x0000000702500000|100%| O|  |TAMS 0x0000000702500000, 0x0000000702400000| Updating 
|  21|0x0000000702500000, 0x0000000702600000, 0x0000000702600000|100%| O|  |TAMS 0x0000000702600000, 0x0000000702500000| Updating 
|  22|0x0000000702600000, 0x0000000702700000, 0x0000000702700000|100%| O|  |TAMS 0x0000000702700000, 0x0000000702600000| Updating 
|  23|0x0000000702700000, 0x0000000702800000, 0x0000000702800000|100%| O|  |TAMS 0x0000000702800000, 0x0000000702700000| Updating 
|  24|0x0000000702800000, 0x0000000702900000, 0x0000000702900000|100%| O|  |TAMS 0x0000000702900000, 0x0000000702800000| Updating 
|  25|0x0000000702900000, 0x0000000702a00000, 0x0000000702a00000|100%| O|  |TAMS 0x0000000702a00000, 0x0000000702900000| Updating 
|  26|0x0000000702a00000, 0x0000000702b00000, 0x0000000702b00000|100%| O|  |TAMS 0x0000000702b00000, 0x0000000702a00000| Updating 
|  27|0x0000000702b00000, 0x0000000702c00000, 0x0000000702c00000|100%| O|  |TAMS 0x0000000702c00000, 0x0000000702b00000| Updating 
|  28|0x0000000702c00000, 0x0000000702d00000, 0x0000000702d00000|100%| O|  |TAMS 0x0000000702d00000, 0x0000000702c00000| Updating 
|  29|0x0000000702d00000, 0x0000000702e00000, 0x0000000702e00000|100%| O|  |TAMS 0x0000000702e00000, 0x0000000702d00000| Updating 
|  30|0x0000000702e00000, 0x0000000702f00000, 0x0000000702f00000|100%| O|  |TAMS 0x0000000702f00000, 0x0000000702e00000| Updating 
|  31|0x0000000702f00000, 0x0000000703000000, 0x0000000703000000|100%| O|  |TAMS 0x0000000703000000, 0x0000000702f00000| Updating 
|  32|0x0000000703000000, 0x0000000703100000, 0x0000000703100000|100%| O|  |TAMS 0x0000000703100000, 0x0000000703000000| Updating 
|  33|0x0000000703100000, 0x0000000703200000, 0x0000000703200000|100%| O|  |TAMS 0x0000000703200000, 0x0000000703100000| Updating 
|  34|0x0000000703200000, 0x0000000703300000, 0x0000000703300000|100%| O|  |TAMS 0x0000000703300000, 0x0000000703200000| Updating 
|  35|0x0000000703300000, 0x0000000703400000, 0x0000000703400000|100%| O|  |TAMS 0x0000000703400000, 0x0000000703300000| Updating 
|  36|0x0000000703400000, 0x0000000703500000, 0x0000000703500000|100%| O|  |TAMS 0x0000000703500000, 0x0000000703400000| Updating 
|  37|0x0000000703500000, 0x0000000703600000, 0x0000000703600000|100%| O|  |TAMS 0x0000000703600000, 0x0000000703500000| Updating 
|  38|0x0000000703600000, 0x0000000703700000, 0x0000000703700000|100%| O|  |TAMS 0x0000000703700000, 0x0000000703600000| Updating 
|  39|0x0000000703700000, 0x0000000703800000, 0x0000000703800000|100%| O|  |TAMS 0x0000000703800000, 0x0000000703700000| Updating 
|  40|0x0000000703800000, 0x0000000703900000, 0x0000000703900000|100%| O|  |TAMS 0x0000000703900000, 0x0000000703800000| Updating 
|  41|0x0000000703900000, 0x0000000703a00000, 0x0000000703a00000|100%| O|  |TAMS 0x0000000703a00000, 0x0000000703900000| Updating 
|  42|0x0000000703a00000, 0x0000000703b00000, 0x0000000703b00000|100%| O|  |TAMS 0x0000000703b00000, 0x0000000703a00000| Updating 
|  43|0x0000000703b00000, 0x0000000703c00000, 0x0000000703c00000|100%| O|  |TAMS 0x0000000703c00000, 0x0000000703b00000| Updating 
|  44|0x0000000703c00000, 0x0000000703d00000, 0x0000000703d00000|100%| O|  |TAMS 0x0000000703d00000, 0x0000000703c00000| Updating 
|  45|0x0000000703d00000, 0x0000000703e00000, 0x0000000703e00000|100%| O|  |TAMS 0x0000000703e00000, 0x0000000703d00000| Updating 
|  46|0x0000000703e00000, 0x0000000703f00000, 0x0000000703f00000|100%| O|  |TAMS 0x0000000703f00000, 0x0000000703e00000| Updating 
|  47|0x0000000703f00000, 0x0000000704000000, 0x0000000704000000|100%| O|  |TAMS 0x0000000704000000, 0x0000000703f00000| Updating 
|  48|0x0000000704000000, 0x0000000704100000, 0x0000000704100000|100%| O|  |TAMS 0x0000000704100000, 0x0000000704000000| Updating 
|  49|0x0000000704100000, 0x0000000704200000, 0x0000000704200000|100%| O|  |TAMS 0x0000000704200000, 0x0000000704100000| Updating 
|  50|0x0000000704200000, 0x0000000704300000, 0x0000000704300000|100%| O|  |TAMS 0x0000000704300000, 0x0000000704200000| Updating 
|  51|0x0000000704300000, 0x0000000704400000, 0x0000000704400000|100%| O|  |TAMS 0x0000000704400000, 0x0000000704300000| Updating 
|  52|0x0000000704400000, 0x0000000704500000, 0x0000000704500000|100%| O|  |TAMS 0x0000000704500000, 0x0000000704400000| Updating 
|  53|0x0000000704500000, 0x0000000704600000, 0x0000000704600000|100%| O|  |TAMS 0x0000000704600000, 0x0000000704500000| Updating 
|  54|0x0000000704600000, 0x0000000704700000, 0x0000000704700000|100%| O|  |TAMS 0x0000000704700000, 0x0000000704600000| Updating 
|  55|0x0000000704700000, 0x0000000704800000, 0x0000000704800000|100%| O|  |TAMS 0x0000000704800000, 0x0000000704700000| Updating 
|  56|0x0000000704800000, 0x0000000704900000, 0x0000000704900000|100%| O|  |TAMS 0x0000000704900000, 0x0000000704800000| Updating 
|  57|0x0000000704900000, 0x0000000704a00000, 0x0000000704a00000|100%| O|  |TAMS 0x0000000704a00000, 0x0000000704900000| Updating 
|  58|0x0000000704a00000, 0x0000000704b00000, 0x0000000704b00000|100%| O|  |TAMS 0x0000000704b00000, 0x0000000704a00000| Updating 
|  59|0x0000000704b00000, 0x0000000704c00000, 0x0000000704c00000|100%| O|  |TAMS 0x0000000704c00000, 0x0000000704b00000| Updating 
|  60|0x0000000704c00000, 0x0000000704d00000, 0x0000000704d00000|100%| O|  |TAMS 0x0000000704d00000, 0x0000000704c00000| Updating 
|  61|0x0000000704d00000, 0x0000000704e00000, 0x0000000704e00000|100%| O|  |TAMS 0x0000000704e00000, 0x0000000704d00000| Updating 
|  62|0x0000000704e00000, 0x0000000704f00000, 0x0000000704f00000|100%| O|  |TAMS 0x0000000704f00000, 0x0000000704e00000| Updating 
|  63|0x0000000704f00000, 0x0000000705000000, 0x0000000705000000|100%| O|  |TAMS 0x0000000705000000, 0x0000000704f00000| Updating 
|  64|0x0000000705000000, 0x0000000705100000, 0x0000000705100000|100%| O|  |TAMS 0x0000000705100000, 0x0000000705000000| Updating 
|  65|0x0000000705100000, 0x0000000705200000, 0x0000000705200000|100%| O|  |TAMS 0x0000000705200000, 0x0000000705100000| Updating 
|  66|0x0000000705200000, 0x0000000705300000, 0x0000000705300000|100%| O|  |TAMS 0x0000000705300000, 0x0000000705200000| Updating 
|  67|0x0000000705300000, 0x0000000705400000, 0x0000000705400000|100%| O|  |TAMS 0x0000000705400000, 0x0000000705300000| Updating 
|  68|0x0000000705400000, 0x0000000705500000, 0x0000000705500000|100%| O|  |TAMS 0x0000000705500000, 0x0000000705400000| Updating 
|  69|0x0000000705500000, 0x0000000705600000, 0x0000000705600000|100%| O|  |TAMS 0x0000000705600000, 0x0000000705500000| Updating 
|  70|0x0000000705600000, 0x0000000705700000, 0x0000000705700000|100%| O|  |TAMS 0x0000000705700000, 0x0000000705600000| Updating 
|  71|0x0000000705700000, 0x0000000705800000, 0x0000000705800000|100%| O|  |TAMS 0x0000000705800000, 0x0000000705700000| Updating 
|  72|0x0000000705800000, 0x0000000705900000, 0x0000000705900000|100%| O|  |TAMS 0x0000000705900000, 0x0000000705800000| Updating 
|  73|0x0000000705900000, 0x0000000705a00000, 0x0000000705a00000|100%| O|  |TAMS 0x0000000705a00000, 0x0000000705900000| Updating 
|  74|0x0000000705a00000, 0x0000000705b00000, 0x0000000705b00000|100%| O|  |TAMS 0x0000000705b00000, 0x0000000705a00000| Updating 
|  75|0x0000000705b00000, 0x0000000705c00000, 0x0000000705c00000|100%| O|  |TAMS 0x0000000705c00000, 0x0000000705b00000| Updating 
|  76|0x0000000705c00000, 0x0000000705d00000, 0x0000000705d00000|100%| O|  |TAMS 0x0000000705d00000, 0x0000000705c00000| Updating 
|  77|0x0000000705d00000, 0x0000000705e00000, 0x0000000705e00000|100%| O|  |TAMS 0x0000000705e00000, 0x0000000705d00000| Updating 
|  78|0x0000000705e00000, 0x0000000705f00000, 0x0000000705f00000|100%| O|  |TAMS 0x0000000705f00000, 0x0000000705e00000| Updating 
|  79|0x0000000705f00000, 0x0000000706000000, 0x0000000706000000|100%| O|  |TAMS 0x0000000706000000, 0x0000000705f00000| Updating 
|  80|0x0000000706000000, 0x0000000706100000, 0x0000000706100000|100%| O|  |TAMS 0x0000000706100000, 0x0000000706000000| Updating 
|  81|0x0000000706100000, 0x0000000706200000, 0x0000000706200000|100%| O|  |TAMS 0x0000000706200000, 0x0000000706100000| Updating 
|  82|0x0000000706200000, 0x0000000706300000, 0x0000000706300000|100%| O|  |TAMS 0x0000000706300000, 0x0000000706200000| Updating 
|  83|0x0000000706300000, 0x0000000706400000, 0x0000000706400000|100%| O|  |TAMS 0x0000000706300000, 0x0000000706300000| Untracked 
|  84|0x0000000706400000, 0x0000000706500000, 0x0000000706500000|100%| O|  |TAMS 0x0000000706400000, 0x0000000706400000| Untracked 
|  85|0x0000000706500000, 0x0000000706600000, 0x0000000706600000|100%| O|  |TAMS 0x0000000706500000, 0x0000000706500000| Untracked 
|  86|0x0000000706600000, 0x0000000706700000, 0x0000000706700000|100%| O|  |TAMS 0x0000000706600000, 0x0000000706600000| Untracked 
|  87|0x0000000706700000, 0x0000000706800000, 0x0000000706800000|100%| O|  |TAMS 0x0000000706700000, 0x0000000706700000| Untracked 
|  88|0x0000000706800000, 0x0000000706900000, 0x0000000706900000|100%| O|  |TAMS 0x0000000706800000, 0x0000000706800000| Untracked 
|  89|0x0000000706900000, 0x0000000706a00000, 0x0000000706a00000|100%| O|  |TAMS 0x0000000706900000, 0x0000000706900000| Untracked 
|  90|0x0000000706a00000, 0x0000000706b00000, 0x0000000706b00000|100%| O|  |TAMS 0x0000000706a00000, 0x0000000706a00000| Untracked 
|  91|0x0000000706b00000, 0x0000000706c00000, 0x0000000706c00000|100%| O|  |TAMS 0x0000000706b00000, 0x0000000706b00000| Untracked 
|  92|0x0000000706c00000, 0x0000000706d00000, 0x0000000706d00000|100%| O|  |TAMS 0x0000000706c00000, 0x0000000706c00000| Untracked 
|  93|0x0000000706d00000, 0x0000000706e00000, 0x0000000706e00000|100%| O|  |TAMS 0x0000000706d00000, 0x0000000706d00000| Untracked 
|  94|0x0000000706e00000, 0x0000000706f00000, 0x0000000706f00000|100%| O|  |TAMS 0x0000000706e00000, 0x0000000706e00000| Untracked 
|  95|0x0000000706f00000, 0x0000000707000000, 0x0000000707000000|100%| O|  |TAMS 0x0000000706f00000, 0x0000000706f00000| Untracked 
|  96|0x0000000707000000, 0x0000000707100000, 0x0000000707100000|100%| O|  |TAMS 0x0000000707000000, 0x0000000707000000| Untracked 
|  97|0x0000000707100000, 0x0000000707200000, 0x0000000707200000|100%| O|  |TAMS 0x0000000707100000, 0x0000000707100000| Untracked 
|  98|0x0000000707200000, 0x0000000707300000, 0x0000000707300000|100%| O|  |TAMS 0x0000000707200000, 0x0000000707200000| Untracked 
|  99|0x0000000707300000, 0x0000000707400000, 0x0000000707400000|100%| O|  |TAMS 0x0000000707300000, 0x0000000707300000| Untracked 
| 100|0x0000000707400000, 0x0000000707500000, 0x0000000707500000|100%| O|  |TAMS 0x0000000707400000, 0x0000000707400000| Untracked 
| 101|0x0000000707500000, 0x0000000707600000, 0x0000000707600000|100%| O|  |TAMS 0x0000000707500000, 0x0000000707500000| Untracked 
| 102|0x0000000707600000, 0x0000000707700000, 0x0000000707700000|100%| O|  |TAMS 0x0000000707600000, 0x0000000707600000| Untracked 
| 103|0x0000000707700000, 0x0000000707800000, 0x0000000707800000|100%| O|  |TAMS 0x0000000707800000, 0x0000000707700000| Updating 
| 104|0x0000000707800000, 0x0000000707900000, 0x0000000707900000|100%| O|  |TAMS 0x0000000707900000, 0x0000000707800000| Updating 
| 105|0x0000000707900000, 0x0000000707a00000, 0x0000000707a00000|100%| O|  |TAMS 0x0000000707a00000, 0x0000000707900000| Updating 
| 106|0x0000000707a00000, 0x0000000707b00000, 0x0000000707b00000|100%| O|  |TAMS 0x0000000707b00000, 0x0000000707a00000| Updating 
| 107|0x0000000707b00000, 0x0000000707c00000, 0x0000000707c00000|100%| O|  |TAMS 0x0000000707c00000, 0x0000000707b00000| Updating 
| 108|0x0000000707c00000, 0x0000000707d00000, 0x0000000707d00000|100%| O|  |TAMS 0x0000000707d00000, 0x0000000707c00000| Updating 
| 109|0x0000000707d00000, 0x0000000707e00000, 0x0000000707e00000|100%| O|  |TAMS 0x0000000707e00000, 0x0000000707d00000| Updating 
| 110|0x0000000707e00000, 0x0000000707f00000, 0x0000000707f00000|100%| O|  |TAMS 0x0000000707f00000, 0x0000000707e00000| Updating 
| 111|0x0000000707f00000, 0x0000000708000000, 0x0000000708000000|100%| O|  |TAMS 0x0000000708000000, 0x0000000707f00000| Updating 
| 112|0x0000000708000000, 0x0000000708100000, 0x0000000708100000|100%| O|  |TAMS 0x0000000708100000, 0x0000000708000000| Updating 
| 113|0x0000000708100000, 0x0000000708200000, 0x0000000708200000|100%| O|  |TAMS 0x0000000708200000, 0x0000000708100000| Updating 
| 114|0x0000000708200000, 0x0000000708300000, 0x0000000708300000|100%| O|  |TAMS 0x0000000708300000, 0x0000000708200000| Updating 
| 115|0x0000000708300000, 0x0000000708400000, 0x0000000708400000|100%| O|  |TAMS 0x0000000708400000, 0x0000000708300000| Updating 
| 116|0x0000000708400000, 0x0000000708500000, 0x0000000708500000|100%| O|  |TAMS 0x0000000708500000, 0x0000000708400000| Updating 
| 117|0x0000000708500000, 0x0000000708600000, 0x0000000708600000|100%| O|  |TAMS 0x0000000708600000, 0x0000000708500000| Updating 
| 118|0x0000000708600000, 0x0000000708700000, 0x0000000708700000|100%| O|  |TAMS 0x0000000708700000, 0x0000000708600000| Updating 
| 119|0x0000000708700000, 0x0000000708800000, 0x0000000708800000|100%| O|  |TAMS 0x0000000708800000, 0x0000000708700000| Updating 
| 120|0x0000000708800000, 0x0000000708900000, 0x0000000708900000|100%| O|  |TAMS 0x0000000708900000, 0x0000000708800000| Updating 
| 121|0x0000000708900000, 0x0000000708a00000, 0x0000000708a00000|100%| O|  |TAMS 0x0000000708a00000, 0x0000000708900000| Updating 
| 122|0x0000000708a00000, 0x0000000708b00000, 0x0000000708b00000|100%| O|  |TAMS 0x0000000708b00000, 0x0000000708a00000| Updating 
| 123|0x0000000708b00000, 0x0000000708c00000, 0x0000000708c00000|100%| O|  |TAMS 0x0000000708c00000, 0x0000000708b00000| Updating 
| 124|0x0000000708c00000, 0x0000000708d00000, 0x0000000708d00000|100%| O|  |TAMS 0x0000000708d00000, 0x0000000708c00000| Updating 
| 125|0x0000000708d00000, 0x0000000708e00000, 0x0000000708e00000|100%| O|  |TAMS 0x0000000708e00000, 0x0000000708d00000| Updating 
| 126|0x0000000708e00000, 0x0000000708f00000, 0x0000000708f00000|100%| O|  |TAMS 0x0000000708f00000, 0x0000000708e00000| Updating 
| 127|0x0000000708f00000, 0x0000000709000000, 0x0000000709000000|100%| O|  |TAMS 0x0000000709000000, 0x0000000708f00000| Updating 
| 128|0x0000000709000000, 0x0000000709100000, 0x0000000709100000|100%| O|  |TAMS 0x0000000709100000, 0x0000000709000000| Updating 
| 129|0x0000000709100000, 0x0000000709200000, 0x0000000709200000|100%| O|  |TAMS 0x0000000709200000, 0x0000000709100000| Updating 
| 130|0x0000000709200000, 0x0000000709300000, 0x0000000709300000|100%| O|  |TAMS 0x0000000709300000, 0x0000000709200000| Updating 
| 131|0x0000000709300000, 0x0000000709400000, 0x0000000709400000|100%| O|  |TAMS 0x0000000709400000, 0x0000000709300000| Updating 
| 132|0x0000000709400000, 0x0000000709500000, 0x0000000709500000|100%| O|  |TAMS 0x0000000709500000, 0x0000000709400000| Updating 
| 133|0x0000000709500000, 0x0000000709600000, 0x0000000709600000|100%| O|  |TAMS 0x0000000709600000, 0x0000000709500000| Updating 
| 134|0x0000000709600000, 0x0000000709700000, 0x0000000709700000|100%| O|  |TAMS 0x0000000709700000, 0x0000000709600000| Updating 
| 135|0x0000000709700000, 0x0000000709800000, 0x0000000709800000|100%| O|  |TAMS 0x0000000709800000, 0x0000000709700000| Updating 
| 136|0x0000000709800000, 0x0000000709900000, 0x0000000709900000|100%| O|  |TAMS 0x0000000709900000, 0x0000000709800000| Updating 
| 137|0x0000000709900000, 0x0000000709a00000, 0x0000000709a00000|100%| O|  |TAMS 0x0000000709a00000, 0x0000000709900000| Updating 
| 138|0x0000000709a00000, 0x0000000709b00000, 0x0000000709b00000|100%| O|  |TAMS 0x0000000709b00000, 0x0000000709a00000| Updating 
| 139|0x0000000709b00000, 0x0000000709c00000, 0x0000000709c00000|100%| O|  |TAMS 0x0000000709c00000, 0x0000000709b00000| Updating 
| 140|0x0000000709c00000, 0x0000000709d00000, 0x0000000709d00000|100%| O|  |TAMS 0x0000000709d00000, 0x0000000709c00000| Updating 
| 141|0x0000000709d00000, 0x0000000709e00000, 0x0000000709e00000|100%| O|  |TAMS 0x0000000709e00000, 0x0000000709d00000| Updating 
| 142|0x0000000709e00000, 0x0000000709f00000, 0x0000000709f00000|100%| O|  |TAMS 0x0000000709f00000, 0x0000000709e00000| Updating 
| 143|0x0000000709f00000, 0x000000070a000000, 0x000000070a000000|100%| O|  |TAMS 0x000000070a000000, 0x0000000709f00000| Updating 
| 144|0x000000070a000000, 0x000000070a100000, 0x000000070a100000|100%| O|  |TAMS 0x000000070a100000, 0x000000070a000000| Updating 
| 145|0x000000070a100000, 0x000000070a200000, 0x000000070a200000|100%| O|  |TAMS 0x000000070a200000, 0x000000070a100000| Updating 
| 146|0x000000070a200000, 0x000000070a300000, 0x000000070a300000|100%| O|  |TAMS 0x000000070a300000, 0x000000070a200000| Updating 
| 147|0x000000070a300000, 0x000000070a400000, 0x000000070a400000|100%| O|  |TAMS 0x000000070a400000, 0x000000070a300000| Updating 
| 148|0x000000070a400000, 0x000000070a500000, 0x000000070a500000|100%| O|  |TAMS 0x000000070a467a00, 0x000000070a400000| Updating 
| 149|0x000000070a500000, 0x000000070a600000, 0x000000070a600000|100%| O|  |TAMS 0x000000070a500000, 0x000000070a500000| Untracked 
| 150|0x000000070a600000, 0x000000070a700000, 0x000000070a700000|100%| O|  |TAMS 0x000000070a600000, 0x000000070a600000| Untracked 
| 151|0x000000070a700000, 0x000000070a800000, 0x000000070a800000|100%| O|  |TAMS 0x000000070a700000, 0x000000070a700000| Untracked 
| 152|0x000000070a800000, 0x000000070a800000, 0x000000070a900000|  0%| F|  |TAMS 0x000000070a800000, 0x000000070a800000| Untracked 
| 153|0x000000070a900000, 0x000000070a900000, 0x000000070aa00000|  0%| F|  |TAMS 0x000000070a900000, 0x000000070a900000| Untracked 
| 154|0x000000070aa00000, 0x000000070aa00000, 0x000000070ab00000|  0%| F|  |TAMS 0x000000070aa00000, 0x000000070aa00000| Untracked 
| 155|0x000000070ab00000, 0x000000070ab00000, 0x000000070ac00000|  0%| F|  |TAMS 0x000000070ab00000, 0x000000070ab00000| Untracked 
| 156|0x000000070ac00000, 0x000000070ac00000, 0x000000070ad00000|  0%| F|  |TAMS 0x000000070ac00000, 0x000000070ac00000| Untracked 
| 157|0x000000070ad00000, 0x000000070ad00000, 0x000000070ae00000|  0%| F|  |TAMS 0x000000070ad00000, 0x000000070ad00000| Untracked 
| 158|0x000000070ae00000, 0x000000070ae00000, 0x000000070af00000|  0%| F|  |TAMS 0x000000070ae00000, 0x000000070ae00000| Untracked 
| 159|0x000000070af00000, 0x000000070af00000, 0x000000070b000000|  0%| F|  |TAMS 0x000000070af00000, 0x000000070af00000| Untracked 
| 160|0x000000070b000000, 0x000000070b000000, 0x000000070b100000|  0%| F|  |TAMS 0x000000070b000000, 0x000000070b000000| Untracked 
| 161|0x000000070b100000, 0x000000070b100000, 0x000000070b200000|  0%| F|  |TAMS 0x000000070b100000, 0x000000070b100000| Untracked 
| 162|0x000000070b200000, 0x000000070b200000, 0x000000070b300000|  0%| F|  |TAMS 0x000000070b200000, 0x000000070b200000| Untracked 
| 163|0x000000070b300000, 0x000000070b300000, 0x000000070b400000|  0%| F|  |TAMS 0x000000070b300000, 0x000000070b300000| Untracked 
| 164|0x000000070b400000, 0x000000070b400000, 0x000000070b500000|  0%| F|  |TAMS 0x000000070b400000, 0x000000070b400000| Untracked 
| 165|0x000000070b500000, 0x000000070b500000, 0x000000070b600000|  0%| F|  |TAMS 0x000000070b500000, 0x000000070b500000| Untracked 
| 166|0x000000070b600000, 0x000000070b600000, 0x000000070b700000|  0%| F|  |TAMS 0x000000070b600000, 0x000000070b600000| Untracked 
| 167|0x000000070b700000, 0x000000070b700000, 0x000000070b800000|  0%| F|  |TAMS 0x000000070b700000, 0x000000070b700000| Untracked 
| 168|0x000000070b800000, 0x000000070b800000, 0x000000070b900000|  0%| F|  |TAMS 0x000000070b800000, 0x000000070b800000| Untracked 
| 169|0x000000070b900000, 0x000000070b900000, 0x000000070ba00000|  0%| F|  |TAMS 0x000000070b900000, 0x000000070b900000| Untracked 
| 170|0x000000070ba00000, 0x000000070ba00000, 0x000000070bb00000|  0%| F|  |TAMS 0x000000070ba00000, 0x000000070ba00000| Untracked 
| 171|0x000000070bb00000, 0x000000070bb00000, 0x000000070bc00000|  0%| F|  |TAMS 0x000000070bb00000, 0x000000070bb00000| Untracked 
| 172|0x000000070bc00000, 0x000000070bc00000, 0x000000070bd00000|  0%| F|  |TAMS 0x000000070bc00000, 0x000000070bc00000| Untracked 
| 173|0x000000070bd00000, 0x000000070bd00000, 0x000000070be00000|  0%| F|  |TAMS 0x000000070bd00000, 0x000000070bd00000| Untracked 
| 174|0x000000070be00000, 0x000000070be00000, 0x000000070bf00000|  0%| F|  |TAMS 0x000000070be00000, 0x000000070be00000| Untracked 
| 175|0x000000070bf00000, 0x000000070bf00000, 0x000000070c000000|  0%| F|  |TAMS 0x000000070bf00000, 0x000000070bf00000| Untracked 
| 176|0x000000070c000000, 0x000000070c000000, 0x000000070c100000|  0%| F|  |TAMS 0x000000070c000000, 0x000000070c000000| Untracked 
| 177|0x000000070c100000, 0x000000070c100000, 0x000000070c200000|  0%| F|  |TAMS 0x000000070c100000, 0x000000070c100000| Untracked 
| 178|0x000000070c200000, 0x000000070c200000, 0x000000070c300000|  0%| F|  |TAMS 0x000000070c200000, 0x000000070c200000| Untracked 
| 179|0x000000070c300000, 0x000000070c300000, 0x000000070c400000|  0%| F|  |TAMS 0x000000070c300000, 0x000000070c300000| Untracked 
| 180|0x000000070c400000, 0x000000070c400000, 0x000000070c500000|  0%| F|  |TAMS 0x000000070c400000, 0x000000070c400000| Untracked 
| 181|0x000000070c500000, 0x000000070c500000, 0x000000070c600000|  0%| F|  |TAMS 0x000000070c500000, 0x000000070c500000| Untracked 
| 182|0x000000070c600000, 0x000000070c600000, 0x000000070c700000|  0%| F|  |TAMS 0x000000070c600000, 0x000000070c600000| Untracked 
| 183|0x000000070c700000, 0x000000070c700000, 0x000000070c800000|  0%| F|  |TAMS 0x000000070c700000, 0x000000070c700000| Untracked 
| 184|0x000000070c800000, 0x000000070c800000, 0x000000070c900000|  0%| F|  |TAMS 0x000000070c800000, 0x000000070c800000| Untracked 
| 185|0x000000070c900000, 0x000000070c900000, 0x000000070ca00000|  0%| F|  |TAMS 0x000000070c900000, 0x000000070c900000| Untracked 
| 186|0x000000070ca00000, 0x000000070ca00000, 0x000000070cb00000|  0%| F|  |TAMS 0x000000070ca00000, 0x000000070ca00000| Untracked 
| 187|0x000000070cb00000, 0x000000070cb00000, 0x000000070cc00000|  0%| F|  |TAMS 0x000000070cb00000, 0x000000070cb00000| Untracked 
| 188|0x000000070cc00000, 0x000000070cc00000, 0x000000070cd00000|  0%| F|  |TAMS 0x000000070cc00000, 0x000000070cc00000| Untracked 
| 189|0x000000070cd00000, 0x000000070cd00000, 0x000000070ce00000|  0%| F|  |TAMS 0x000000070cd00000, 0x000000070cd00000| Untracked 
| 190|0x000000070ce00000, 0x000000070ce00000, 0x000000070cf00000|  0%| F|  |TAMS 0x000000070ce00000, 0x000000070ce00000| Untracked 
| 191|0x000000070cf00000, 0x000000070cf00000, 0x000000070d000000|  0%| F|  |TAMS 0x000000070cf00000, 0x000000070cf00000| Untracked 
| 192|0x000000070d000000, 0x000000070d000000, 0x000000070d100000|  0%| F|  |TAMS 0x000000070d000000, 0x000000070d000000| Untracked 
| 193|0x000000070d100000, 0x000000070d100000, 0x000000070d200000|  0%| F|  |TAMS 0x000000070d100000, 0x000000070d100000| Untracked 
| 194|0x000000070d200000, 0x000000070d200000, 0x000000070d300000|  0%| F|  |TAMS 0x000000070d200000, 0x000000070d200000| Untracked 
| 195|0x000000070d300000, 0x000000070d300000, 0x000000070d400000|  0%| F|  |TAMS 0x000000070d300000, 0x000000070d300000| Untracked 
| 196|0x000000070d400000, 0x000000070d400000, 0x000000070d500000|  0%| F|  |TAMS 0x000000070d400000, 0x000000070d400000| Untracked 
| 197|0x000000070d500000, 0x000000070d500000, 0x000000070d600000|  0%| F|  |TAMS 0x000000070d500000, 0x000000070d500000| Untracked 
| 198|0x000000070d600000, 0x000000070d600000, 0x000000070d700000|  0%| F|  |TAMS 0x000000070d600000, 0x000000070d600000| Untracked 
| 199|0x000000070d700000, 0x000000070d700000, 0x000000070d800000|  0%| F|  |TAMS 0x000000070d700000, 0x000000070d700000| Untracked 
| 200|0x000000070d800000, 0x000000070d800000, 0x000000070d900000|  0%| F|  |TAMS 0x000000070d800000, 0x000000070d800000| Untracked 
| 201|0x000000070d900000, 0x000000070d900000, 0x000000070da00000|  0%| F|  |TAMS 0x000000070d900000, 0x000000070d900000| Untracked 
| 202|0x000000070da00000, 0x000000070da00000, 0x000000070db00000|  0%| F|  |TAMS 0x000000070da00000, 0x000000070da00000| Untracked 
| 203|0x000000070db00000, 0x000000070db00000, 0x000000070dc00000|  0%| F|  |TAMS 0x000000070db00000, 0x000000070db00000| Untracked 
| 204|0x000000070dc00000, 0x000000070dc00000, 0x000000070dd00000|  0%| F|  |TAMS 0x000000070dc00000, 0x000000070dc00000| Untracked 
| 205|0x000000070dd00000, 0x000000070dd00000, 0x000000070de00000|  0%| F|  |TAMS 0x000000070dd00000, 0x000000070dd00000| Untracked 
| 206|0x000000070de00000, 0x000000070de00000, 0x000000070df00000|  0%| F|  |TAMS 0x000000070de00000, 0x000000070de00000| Untracked 
| 207|0x000000070df00000, 0x000000070df00000, 0x000000070e000000|  0%| F|  |TAMS 0x000000070df00000, 0x000000070df00000| Untracked 
| 208|0x000000070e000000, 0x000000070e000000, 0x000000070e100000|  0%| F|  |TAMS 0x000000070e000000, 0x000000070e000000| Untracked 
| 209|0x000000070e100000, 0x000000070e100000, 0x000000070e200000|  0%| F|  |TAMS 0x000000070e100000, 0x000000070e100000| Untracked 
| 210|0x000000070e200000, 0x000000070e200000, 0x000000070e300000|  0%| F|  |TAMS 0x000000070e200000, 0x000000070e200000| Untracked 
| 211|0x000000070e300000, 0x000000070e300000, 0x000000070e400000|  0%| F|  |TAMS 0x000000070e300000, 0x000000070e300000| Untracked 
| 212|0x000000070e400000, 0x000000070e400000, 0x000000070e500000|  0%| F|  |TAMS 0x000000070e400000, 0x000000070e400000| Untracked 
| 213|0x000000070e500000, 0x000000070e500000, 0x000000070e600000|  0%| F|  |TAMS 0x000000070e500000, 0x000000070e500000| Untracked 
| 214|0x000000070e600000, 0x000000070e600000, 0x000000070e700000|  0%| F|  |TAMS 0x000000070e600000, 0x000000070e600000| Untracked 
| 215|0x000000070e700000, 0x000000070e700000, 0x000000070e800000|  0%| F|  |TAMS 0x000000070e700000, 0x000000070e700000| Untracked 
| 216|0x000000070e800000, 0x000000070e800000, 0x000000070e900000|  0%| F|  |TAMS 0x000000070e800000, 0x000000070e800000| Untracked 
| 217|0x000000070e900000, 0x000000070e900000, 0x000000070ea00000|  0%| F|  |TAMS 0x000000070e900000, 0x000000070e900000| Untracked 
| 218|0x000000070ea00000, 0x000000070ea00000, 0x000000070eb00000|  0%| F|  |TAMS 0x000000070ea00000, 0x000000070ea00000| Untracked 
| 219|0x000000070eb00000, 0x000000070eb00000, 0x000000070ec00000|  0%| F|  |TAMS 0x000000070eb00000, 0x000000070eb00000| Untracked 
| 220|0x000000070ec00000, 0x000000070ec00000, 0x000000070ed00000|  0%| F|  |TAMS 0x000000070ec00000, 0x000000070ec00000| Untracked 
| 221|0x000000070ed00000, 0x000000070ed00000, 0x000000070ee00000|  0%| F|  |TAMS 0x000000070ed00000, 0x000000070ed00000| Untracked 
| 222|0x000000070ee00000, 0x000000070ee00000, 0x000000070ef00000|  0%| F|  |TAMS 0x000000070ee00000, 0x000000070ee00000| Untracked 
| 223|0x000000070ef00000, 0x000000070ef00000, 0x000000070f000000|  0%| F|  |TAMS 0x000000070ef00000, 0x000000070ef00000| Untracked 
| 224|0x000000070f000000, 0x000000070f000000, 0x000000070f100000|  0%| F|  |TAMS 0x000000070f000000, 0x000000070f000000| Untracked 
| 225|0x000000070f100000, 0x000000070f100000, 0x000000070f200000|  0%| F|  |TAMS 0x000000070f100000, 0x000000070f100000| Untracked 
| 226|0x000000070f200000, 0x000000070f200000, 0x000000070f300000|  0%| F|  |TAMS 0x000000070f200000, 0x000000070f200000| Untracked 
| 227|0x000000070f300000, 0x000000070f300000, 0x000000070f400000|  0%| F|  |TAMS 0x000000070f300000, 0x000000070f300000| Untracked 
| 228|0x000000070f400000, 0x000000070f400000, 0x000000070f500000|  0%| F|  |TAMS 0x000000070f400000, 0x000000070f400000| Untracked 
| 229|0x000000070f500000, 0x000000070f500000, 0x000000070f600000|  0%| F|  |TAMS 0x000000070f500000, 0x000000070f500000| Untracked 
| 230|0x000000070f600000, 0x000000070f600000, 0x000000070f700000|  0%| F|  |TAMS 0x000000070f600000, 0x000000070f600000| Untracked 
| 231|0x000000070f700000, 0x000000070f700000, 0x000000070f800000|  0%| F|  |TAMS 0x000000070f700000, 0x000000070f700000| Untracked 
| 232|0x000000070f800000, 0x000000070f800000, 0x000000070f900000|  0%| F|  |TAMS 0x000000070f800000, 0x000000070f800000| Untracked 
| 233|0x000000070f900000, 0x000000070f900000, 0x000000070fa00000|  0%| F|  |TAMS 0x000000070f900000, 0x000000070f900000| Untracked 
| 234|0x000000070fa00000, 0x000000070fa00000, 0x000000070fb00000|  0%| F|  |TAMS 0x000000070fa00000, 0x000000070fa00000| Untracked 
| 235|0x000000070fb00000, 0x000000070fb00000, 0x000000070fc00000|  0%| F|  |TAMS 0x000000070fb00000, 0x000000070fb00000| Untracked 
| 236|0x000000070fc00000, 0x000000070fc00000, 0x000000070fd00000|  0%| F|  |TAMS 0x000000070fc00000, 0x000000070fc00000| Untracked 
| 237|0x000000070fd00000, 0x000000070fd00000, 0x000000070fe00000|  0%| F|  |TAMS 0x000000070fd00000, 0x000000070fd00000| Untracked 
| 238|0x000000070fe00000, 0x000000070fe00000, 0x000000070ff00000|  0%| F|  |TAMS 0x000000070fe00000, 0x000000070fe00000| Untracked 
| 239|0x000000070ff00000, 0x000000070ff00000, 0x0000000710000000|  0%| F|  |TAMS 0x000000070ff00000, 0x000000070ff00000| Untracked 
| 240|0x0000000710000000, 0x0000000710000000, 0x0000000710100000|  0%| F|  |TAMS 0x0000000710000000, 0x0000000710000000| Untracked 
| 241|0x0000000710100000, 0x0000000710200000, 0x0000000710200000|100%| S|CS|TAMS 0x0000000710100000, 0x0000000710100000| Complete 
| 242|0x0000000710200000, 0x0000000710300000, 0x0000000710300000|100%| S|CS|TAMS 0x0000000710200000, 0x0000000710200000| Complete 
| 243|0x0000000710300000, 0x0000000710300000, 0x0000000710400000|  0%| F|  |TAMS 0x0000000710300000, 0x0000000710300000| Untracked 
| 244|0x0000000710400000, 0x0000000710400000, 0x0000000710500000|  0%| F|  |TAMS 0x0000000710400000, 0x0000000710400000| Untracked 
| 245|0x0000000710500000, 0x0000000710500000, 0x0000000710600000|  0%| F|  |TAMS 0x0000000710500000, 0x0000000710500000| Untracked 
| 246|0x0000000710600000, 0x0000000710600000, 0x0000000710700000|  0%| F|  |TAMS 0x0000000710600000, 0x0000000710600000| Untracked 
| 247|0x0000000710700000, 0x0000000710700000, 0x0000000710800000|  0%| F|  |TAMS 0x0000000710700000, 0x0000000710700000| Untracked 
| 248|0x0000000710800000, 0x0000000710800000, 0x0000000710900000|  0%| F|  |TAMS 0x0000000710800000, 0x0000000710800000| Untracked 
| 249|0x0000000710900000, 0x0000000710900000, 0x0000000710a00000|  0%| F|  |TAMS 0x0000000710900000, 0x0000000710900000| Untracked 
| 250|0x0000000710a00000, 0x0000000710a00000, 0x0000000710b00000|  0%| F|  |TAMS 0x0000000710a00000, 0x0000000710a00000| Untracked 
| 251|0x0000000710b00000, 0x0000000710b00000, 0x0000000710c00000|  0%| F|  |TAMS 0x0000000710b00000, 0x0000000710b00000| Untracked 
| 252|0x0000000710c00000, 0x0000000710c00000, 0x0000000710d00000|  0%| F|  |TAMS 0x0000000710c00000, 0x0000000710c00000| Untracked 
| 253|0x0000000710d00000, 0x0000000710d00000, 0x0000000710e00000|  0%| F|  |TAMS 0x0000000710d00000, 0x0000000710d00000| Untracked 
| 254|0x0000000710e00000, 0x0000000710ed1470, 0x0000000710f00000| 81%| E|  |TAMS 0x0000000710e00000, 0x0000000710e00000| Complete 
| 255|0x0000000710f00000, 0x0000000711000000, 0x0000000711000000|100%| E|CS|TAMS 0x0000000710f00000, 0x0000000710f00000| Complete 
| 256|0x0000000711000000, 0x0000000711100000, 0x0000000711100000|100%| O|  |TAMS 0x0000000711100000, 0x0000000711000000| Updating 
| 257|0x0000000711100000, 0x0000000711200000, 0x0000000711200000|100%| O|  |TAMS 0x0000000711200000, 0x0000000711100000| Updating 
| 258|0x0000000711200000, 0x0000000711300000, 0x0000000711300000|100%| O|  |TAMS 0x0000000711300000, 0x0000000711200000| Updating 
| 259|0x0000000711300000, 0x0000000711400000, 0x0000000711400000|100%| O|  |TAMS 0x0000000711400000, 0x0000000711300000| Updating 
| 260|0x0000000711400000, 0x0000000711500000, 0x0000000711500000|100%| O|  |TAMS 0x0000000711500000, 0x0000000711400000| Updating 
| 261|0x0000000711500000, 0x0000000711600000, 0x0000000711600000|100%| O|  |TAMS 0x0000000711600000, 0x0000000711500000| Updating 
| 262|0x0000000711600000, 0x0000000711700000, 0x0000000711700000|100%| O|  |TAMS 0x0000000711700000, 0x0000000711600000| Updating 
| 263|0x0000000711700000, 0x0000000711800000, 0x0000000711800000|100%| O|  |TAMS 0x0000000711800000, 0x0000000711700000| Updating 
| 264|0x0000000711800000, 0x0000000711900000, 0x0000000711900000|100%| O|  |TAMS 0x0000000711900000, 0x0000000711800000| Updating 
| 265|0x0000000711900000, 0x0000000711a00000, 0x0000000711a00000|100%| O|  |TAMS 0x0000000711a00000, 0x0000000711900000| Updating 
| 266|0x0000000711a00000, 0x0000000711b00000, 0x0000000711b00000|100%| O|  |TAMS 0x0000000711b00000, 0x0000000711a00000| Updating 

Card table byte_map: [0x00000268e2200000,0x00000268e2a00000] _byte_map_base: 0x00000268de9f8000

Marking Bits (Prev, Next): (CMBitMap*) 0x00000268ca1286a8, (CMBitMap*) 0x00000268ca128668
 Prev Bits: [0x00000268e71c0000, 0x00000268eb180000)
 Next Bits: [0x00000268e3200000, 0x00000268e71c0000)

Polling page: 0x00000268c7fa0000

Metaspace:

Usage:
  Non-class:      8.36 MB capacity,     8.21 MB ( 98%) used,   131.99 KB (  2%) free+waste,    17.75 KB ( <1%) overhead. 
      Class:      1.03 MB capacity,   955.67 KB ( 90%) used,    89.58 KB (  8%) free+waste,    10.75 KB (  1%) overhead. 
       Both:      9.39 MB capacity,     9.15 MB ( 97%) used,   221.57 KB (  2%) free+waste,    28.50 KB ( <1%) overhead. 

Virtual space:
  Non-class space:       10.00 MB reserved,       8.50 MB ( 85%) committed 
      Class space:        1.00 GB reserved,       1.13 MB ( <1%) committed 
             Both:        1.01 GB reserved,       9.63 MB ( <1%) committed 

Chunk freelists:
   Non-Class:  79.00 KB
       Class:  32.00 KB
        Both:  111.00 KB

MaxMetaspaceSize: 17179869184.00 GB
CompressedClassSpaceSize: 1.00 GB

CodeHeap 'non-profiled nmethods': size=120000Kb used=1710Kb max_used=1710Kb free=118289Kb
 bounds [0x00000268da090000, 0x00000268da300000, 0x00000268e15c0000]
CodeHeap 'profiled nmethods': size=120000Kb used=4243Kb max_used=4722Kb free=115756Kb
 bounds [0x00000268d2b60000, 0x00000268d3010000, 0x00000268da090000]
CodeHeap 'non-nmethods': size=5760Kb used=1306Kb max_used=1345Kb free=4453Kb
 bounds [0x00000268d25c0000, 0x00000268d2830000, 0x00000268d2b60000]
 total_blobs=4175 nmethods=2176 adapters=501
 compilation: enabled
              stopped_count=0, restarted_count=0
 full_count=0

Compilation events (20 events):
Event: 13248.825 Thread 0x0000026894dd2000 nmethod 2462 0x00000268da232110 code [0x00000268da2322e0, 0x00000268da232888]
Event: 13248.825 Thread 0x0000026894dd2000 2468       4       java.awt.image.DataBuffer$1::getData (7 bytes)
Event: 13248.826 Thread 0x0000026894dd2000 nmethod 2468 0x00000268da232b90 code [0x00000268da232d20, 0x00000268da232dd8]
Event: 13248.826 Thread 0x0000026894dd2000 2469       4       sun.awt.image.BufImgSurfaceData::createData (909 bytes)
Event: 13248.827 Thread 0x00000268949e3800 2472  s    4       sun.awt.image.BufImgSurfaceData::getSolidLoops (85 bytes)
Event: 13248.829 Thread 0x00000268949e3800 nmethod 2472 0x00000268da232e90 code [0x00000268da233040, 0x00000268da233318]
Event: 13248.829 Thread 0x00000268949e3800 2470       4       java.awt.image.BufferedImage::<init> (1012 bytes)
Event: 13248.860 Thread 0x0000026894dd2000 nmethod 2469 0x00000268da233490 code [0x00000268da233680, 0x00000268da234148]
Event: 13248.860 Thread 0x0000026894dd2000 2471       4       sun.awt.image.BufImgSurfaceData::createDataIC (75 bytes)
Event: 13248.870 Thread 0x00000268949e3800 nmethod 2470 0x00000268da234710 code [0x00000268da234920, 0x00000268da235450]
Event: 13248.913 Thread 0x00000268949e3800 2473       4       sun.awt.image.SunWritableRaster::stealTrackable (10 bytes)
Event: 13248.914 Thread 0x00000268949e3800 nmethod 2473 0x00000268da236090 code [0x00000268da236220, 0x00000268da2362b8]
Event: 13248.917 Thread 0x00000268ee5aa800 nmethod 2465 0x00000268da236390 code [0x00000268da236640, 0x00000268da238610]
Event: 13248.920 Thread 0x00000268ee5aa800 2474       4       java.awt.image.WritableRaster::<init> (12 bytes)
Event: 13248.920 Thread 0x00000268949e3800 2475       4       java.awt.image.Raster::<init> (207 bytes)
Event: 13248.932 Thread 0x00000268ee5aa800 nmethod 2474 0x00000268da239c90 code [0x00000268da239e20, 0x00000268da23a358]
Event: 13248.932 Thread 0x00000268949e3800 nmethod 2475 0x00000268da23a590 code [0x00000268da23a720, 0x00000268da23ac58]
Event: 13248.933 Thread 0x0000026894dd2000 nmethod 2471 0x00000268da23ae10 code [0x00000268da23afc0, 0x00000268da23b708]
Event: 13248.937 Thread 0x00000268ee5b2000 2476       3       java.lang.ref.ReferenceQueue::reallyPoll (65 bytes)
Event: 13248.938 Thread 0x00000268ee5b2000 nmethod 2476 0x00000268d2d0ae10 code [0x00000268d2d0afe0, 0x00000268d2d0b598]

GC Heap History (10 events):
Event: 60.071 GC heap before
{Heap before GC invocations=0 (full 0):
 garbage-first heap   total 262144K, used 24576K [0x0000000701000000, 0x0000000800000000)
  region size 1024K, 24 young (24576K), 0 survivors (0K)
 Metaspace       used 8943K, capacity 9230K, committed 9344K, reserved 1056768K
  class space    used 945K, capacity 1081K, committed 1152K, reserved 1048576K
}
Event: 60.076 GC heap after
{Heap after GC invocations=1 (full 0):
 garbage-first heap   total 262144K, used 2637K [0x0000000701000000, 0x0000000800000000)
  region size 1024K, 3 young (3072K), 3 survivors (3072K)
 Metaspace       used 8943K, capacity 9230K, committed 9344K, reserved 1056768K
  class space    used 945K, capacity 1081K, committed 1152K, reserved 1048576K
}
Event: 13248.699 GC heap before
{Heap before GC invocations=1 (full 0):
 garbage-first heap   total 262144K, used 164429K [0x0000000701000000, 0x0000000800000000)
  region size 1024K, 153 young (156672K), 3 survivors (3072K)
 Metaspace       used 9410K, capacity 9692K, committed 9856K, reserved 1058816K
  class space    used 970K, capacity 1086K, committed 1152K, reserved 1048576K
}
Event: 13248.756 GC heap after
{Heap after GC invocations=2 (full 0):
 garbage-first heap   total 273408K, used 116201K [0x0000000701000000, 0x0000000800000000)
  region size 1024K, 20 young (20480K), 20 survivors (20480K)
 Metaspace       used 9410K, capacity 9692K, committed 9856K, reserved 1058816K
  class space    used 970K, capacity 1086K, committed 1152K, reserved 1048576K
}
Event: 13248.832 GC heap before
{Heap before GC invocations=2 (full 0):
 garbage-first heap   total 273408K, used 148969K [0x0000000701000000, 0x0000000800000000)
  region size 1024K, 52 young (53248K), 20 survivors (20480K)
 Metaspace       used 9411K, capacity 9692K, committed 9856K, reserved 1058816K
  class space    used 970K, capacity 1086K, committed 1152K, reserved 1048576K
}
Event: 13248.848 GC heap after
{Heap after GC invocations=3 (full 0):
 garbage-first heap   total 273408K, used 149918K [0x0000000701000000, 0x0000000800000000)
  region size 1024K, 7 young (7168K), 7 survivors (7168K)
 Metaspace       used 9411K, capacity 9692K, committed 9856K, reserved 1058816K
  class space    used 970K, capacity 1086K, committed 1152K, reserved 1048576K
}
Event: 13248.922 GC heap before
{Heap before GC invocations=3 (full 0):
 garbage-first heap   total 273408K, used 155038K [0x0000000701000000, 0x0000000800000000)
  region size 1024K, 13 young (13312K), 7 survivors (7168K)
 Metaspace       used 9411K, capacity 9692K, committed 9856K, reserved 1058816K
  class space    used 970K, capacity 1086K, committed 1152K, reserved 1048576K
}
Event: 13248.931 GC heap after
{Heap after GC invocations=4 (full 0):
 garbage-first heap   total 273408K, used 157184K [0x0000000701000000, 0x0000000800000000)
  region size 1024K, 2 young (2048K), 2 survivors (2048K)
 Metaspace       used 9411K, capacity 9692K, committed 9856K, reserved 1058816K
  class space    used 970K, capacity 1086K, committed 1152K, reserved 1048576K
}
Event: 13248.948 GC heap before
{Heap before GC invocations=4 (full 0):
 garbage-first heap   total 273408K, used 168448K [0x0000000701000000, 0x0000000800000000)
  region size 1024K, 13 young (13312K), 2 survivors (2048K)
 Metaspace       used 9413K, capacity 9692K, committed 9856K, reserved 1058816K
  class space    used 971K, capacity 1086K, committed 1152K, reserved 1048576K
}
Event: 13248.952 GC heap after
{Heap after GC invocations=5 (full 0):
 garbage-first heap   total 273408K, used 168960K [0x0000000701000000, 0x0000000800000000)
  region size 1024K, 2 young (2048K), 2 survivors (2048K)
 Metaspace       used 9413K, capacity 9692K, committed 9856K, reserved 1058816K
  class space    used 971K, capacity 1086K, committed 1152K, reserved 1048576K
}

Deoptimization events (20 events):
Event: 13248.111 Thread 0x00000268ee713000 DEOPT PACKING pc=0x00000268da1970c8 sp=0x000000bedf6fe090
Event: 13248.111 Thread 0x00000268ee713000 DEOPT UNPACKING pc=0x00000268d260912f sp=0x000000bedf6fdfd8 mode 2
Event: 13248.758 Thread 0x00000268edd03000 Uncommon trap: trap_request=0xffffff45 fr.pc=0x00000268da153ba4 relative=0x00000000000003e4
Event: 13248.758 Thread 0x00000268edd03000 Uncommon trap: reason=unstable_if action=reinterpret pc=0x00000268da153ba4 method=java.lang.ref.ReferenceQueue.enqueue(Ljava/lang/ref/Reference;)Z @ 94 c2
Event: 13248.758 Thread 0x00000268edd03000 DEOPT PACKING pc=0x00000268da153ba4 sp=0x000000bede7ff0e0
Event: 13248.758 Thread 0x00000268edd03000 DEOPT UNPACKING pc=0x00000268d260912f sp=0x000000bede7ff098 mode 2
Event: 13248.760 Thread 0x00000268edd06800 Uncommon trap: trap_request=0xffffff45 fr.pc=0x00000268da156970 relative=0x00000000000002d0
Event: 13248.760 Thread 0x00000268edd06800 Uncommon trap: reason=unstable_if action=reinterpret pc=0x00000268da156970 method=java.lang.ref.ReferenceQueue.reallyPoll()Ljava/lang/ref/Reference; @ 54 c2
Event: 13248.760 Thread 0x00000268edd06800 DEOPT PACKING pc=0x00000268da156970 sp=0x000000bede8ff370
Event: 13248.760 Thread 0x00000268edd06800 DEOPT UNPACKING pc=0x00000268d260912f sp=0x000000bede8ff310 mode 2
Event: 13248.805 Thread 0x00000268ee713000 DEOPT PACKING pc=0x00000268d2d85cc3 sp=0x000000bedf6fdef0
Event: 13248.805 Thread 0x00000268ee713000 DEOPT UNPACKING pc=0x00000268d260964e sp=0x000000bedf6fd3a0 mode 0
Event: 13248.945 Thread 0x00000268ee713000 Uncommon trap: trap_request=0xffffff45 fr.pc=0x00000268da217700 relative=0x0000000000003b60
Event: 13248.945 Thread 0x00000268ee713000 Uncommon trap: reason=unstable_if action=reinterpret pc=0x00000268da217700 method=java.awt.EventQueue.coalesceEvent(Ljava/awt/AWTEvent;I)Z @ 16 c2
Event: 13248.945 Thread 0x00000268ee713000 DEOPT PACKING pc=0x00000268da217700 sp=0x000000bedf6fe950
Event: 13248.945 Thread 0x00000268ee713000 DEOPT UNPACKING pc=0x00000268d260912f sp=0x000000bedf6fe798 mode 2
Event: 13248.970 Thread 0x00000268ee713000 Uncommon trap: trap_request=0xffffff45 fr.pc=0x00000268da0f1410 relative=0x0000000000000070
Event: 13248.970 Thread 0x00000268ee713000 Uncommon trap: reason=unstable_if action=reinterpret pc=0x00000268da0f1410 method=sun.java2d.d3d.D3DGraphicsDevice.getDefaultConfiguration()Ljava/awt/GraphicsConfiguration; @ 4 c2
Event: 13248.970 Thread 0x00000268ee713000 DEOPT PACKING pc=0x00000268da0f1410 sp=0x000000bedf6feba0
Event: 13248.970 Thread 0x00000268ee713000 DEOPT UNPACKING pc=0x00000268d260912f sp=0x000000bedf6feb40 mode 2

Classes unloaded (20 events):
Event: 13248.982 Thread 0x00000268edd01000 Unloading class 0x0000000800bb4840 'java/lang/invoke/LambdaForm$MH'
Event: 13248.982 Thread 0x00000268edd01000 Unloading class 0x0000000800bb1840 'java/lang/invoke/LambdaForm$MH'
Event: 13248.982 Thread 0x00000268edd01000 Unloading class 0x0000000800bb1440 'java/lang/invoke/LambdaForm$MH'
Event: 13248.982 Thread 0x00000268edd01000 Unloading class 0x0000000800bb0c40 'java/lang/invoke/LambdaForm$MH'
Event: 13248.982 Thread 0x00000268edd01000 Unloading class 0x0000000800bb0840 'java/lang/invoke/LambdaForm$MH'
Event: 13248.983 Thread 0x00000268edd01000 Unloading class 0x0000000800ba2440 'java/lang/invoke/LambdaForm$MH'
Event: 13248.983 Thread 0x00000268edd01000 Unloading class 0x0000000800ba2040 'java/lang/invoke/LambdaForm$MH'
Event: 13248.983 Thread 0x00000268edd01000 Unloading class 0x0000000800ba2c40 'java/lang/invoke/LambdaForm$MH'
Event: 13248.983 Thread 0x00000268edd01000 Unloading class 0x0000000800ba2840 'java/lang/invoke/LambdaForm$MH'
Event: 13248.983 Thread 0x00000268edd01000 Unloading class 0x0000000800ba3440 'java/lang/invoke/LambdaForm$MH'
Event: 13248.983 Thread 0x00000268edd01000 Unloading class 0x0000000800ba3040 'java/lang/invoke/LambdaForm$MH'
Event: 13248.983 Thread 0x00000268edd01000 Unloading class 0x0000000800ba3c40 'java/lang/invoke/LambdaForm$MH'
Event: 13248.983 Thread 0x00000268edd01000 Unloading class 0x0000000800ba3840 'java/lang/invoke/LambdaForm$MH'
Event: 13248.983 Thread 0x00000268edd01000 Unloading class 0x0000000800ba4040 'java/lang/invoke/LambdaForm$MH'
Event: 13248.983 Thread 0x00000268edd01000 Unloading class 0x0000000800ba4840 'java/lang/invoke/LambdaForm$MH'
Event: 13248.983 Thread 0x00000268edd01000 Unloading class 0x0000000800ba5440 'java/lang/invoke/LambdaForm$MH'
Event: 13248.983 Thread 0x00000268edd01000 Unloading class 0x0000000800ba5040 'java/lang/invoke/LambdaForm$MH'
Event: 13248.983 Thread 0x00000268edd01000 Unloading class 0x0000000800ba5c40 'java/lang/invoke/LambdaForm$MH'
Event: 13248.983 Thread 0x00000268edd01000 Unloading class 0x0000000800ba6440 'java/lang/invoke/LambdaForm$MH'
Event: 13248.983 Thread 0x00000268edd01000 Unloading class 0x0000000800ba6040 'java/lang/invoke/LambdaForm$MH'

Classes redefined (0 events):
No events

Internal exceptions (14 events):
Event: 0.112 Thread 0x00000268ca0bd800 Exception <a 'java/lang/ClassNotFoundException'{0x0000000710efbe18}: sun/awt/resources/spi/awtProvider> (0x0000000710efbe18) 
thrown [t:/workspace/open/src/hotspot/share/classfile/systemDictionary.cpp, line 232]
Event: 0.134 Thread 0x00000268ca0bd800 Exception <a 'java/io/FileNotFoundException'{0x0000000710d51400}> (0x0000000710d51400) 
thrown [t:/workspace/open/src/hotspot/share/prims/jni.cpp, line 598]
Event: 0.142 Thread 0x00000268ca0bd800 Exception <a 'java/io/FileNotFoundException'{0x0000000710d779e0}> (0x0000000710d779e0) 
thrown [t:/workspace/open/src/hotspot/share/prims/jni.cpp, line 598]
Event: 0.190 Thread 0x00000268ee70f000 Exception <a 'java/lang/NoSuchMethodError'{0x0000000710dfb3b0}: 'void java.lang.invoke.DirectMethodHandle$Holder.invokeSpecial(java.lang.Object, java.lang.Object)'> (0x0000000710dfb3b0) 
thrown [t:/workspace/open/src/hotspot/share/interpreter/linkResolver.cpp, line 767]
Event: 0.323 Thread 0x00000268ca0bd800 Exception <a 'java/lang/NoSuchMethodError'{0x0000000710c43fa0}: 'java.lang.Object java.lang.invoke.DirectMethodHandle$Holder.invokeStatic(java.lang.Object, int, java.lang.Object, java.lang.Object, java.lang.Object, java.lang.Object)'> (0x0000000710c43fa0) 
thrown [t:/workspace/open/src/hotspot/share/interpreter/linkResolver.cpp, line 767]
Event: 0.323 Thread 0x00000268ca0bd800 Exception <a 'java/lang/NoSuchMethodError'{0x0000000710c4a900}: 'java.lang.Object java.lang.invoke.DirectMethodHandle$Holder.invokeStatic(java.lang.Object, int, java.lang.Object, java.lang.Object, java.lang.Object)'> (0x0000000710c4a900) 
thrown [t:/workspace/open/src/hotspot/share/interpreter/linkResolver.cpp, line 767]
Event: 0.324 Thread 0x00000268ca0bd800 Exception <a 'java/lang/NoSuchMethodError'{0x0000000710c4e168}: 'java.lang.Object java.lang.invoke.DirectMethodHandle$Holder.invokeSpecial(java.lang.Object, java.lang.Object, int, java.lang.Object, java.lang.Object, java.lang.Object)'> (0x0000000710c4e168) 
thrown [t:/workspace/open/src/hotspot/share/interpreter/linkResolver.cpp, line 767]
Event: 0.326 Thread 0x00000268ca0bd800 Exception <a 'java/lang/NoSuchMethodError'{0x0000000710c64490}: 'java.lang.Object java.lang.invoke.DirectMethodHandle$Holder.invokeStatic(java.lang.Object, int, java.lang.Object)'> (0x0000000710c64490) 
thrown [t:/workspace/open/src/hotspot/share/interpreter/linkResolver.cpp, line 767]
Event: 0.345 Thread 0x00000268ca0bd800 Exception <a 'java/lang/ClassNotFoundException'{0x0000000710b08220}: com/sun/swing/internal/plaf/metal/resources/spi/metalProvider> (0x0000000710b08220) 
thrown [t:/workspace/open/src/hotspot/share/classfile/systemDictionary.cpp, line 232]
Event: 0.346 Thread 0x00000268ca0bd800 Exception <a 'java/lang/ClassNotFoundException'{0x0000000710b0c3f8}: com/sun/swing/internal/plaf/basic/resources/spi/basicProvider> (0x0000000710b0c3f8) 
thrown [t:/workspace/open/src/hotspot/share/classfile/systemDictionary.cpp, line 232]
Event: 0.374 Thread 0x00000268ca0bd800 Exception <a 'java/lang/NoSuchMethodError'{0x0000000710b4a190}: 'void java.lang.invoke.DirectMethodHandle$Holder.invokeStaticInit(java.lang.Object)'> (0x0000000710b4a190) 
thrown [t:/workspace/open/src/hotspot/share/interpreter/linkResolver.cpp, line 767]
Event: 0.398 Thread 0x00000268ca0bd800 Exception <a 'java/lang/NoSuchMethodError'{0x0000000710a24490}: 'java.lang.Object java.lang.invoke.Invokers$Holder.linkToTargetMethod(java.lang.Object, int, java.lang.Object)'> (0x0000000710a24490) 
thrown [t:/workspace/open/src/hotspot/share/interpreter/linkResolver.cpp, line 767]
Event: 187.184 Thread 0x00000268ee713000 Implicit null exception at 0x00000268da1cd44d to 0x00000268da1cf8a6
Event: 13247.067 Thread 0x00000268ee713000 Exception <a 'java/lang/NoSuchMethodError'{0x000000070dfabd08}: 'void java.lang.invoke.DirectMethodHandle$Holder.invokeVirtual(java.lang.Object, java.lang.Object)'> (0x000000070dfabd08) 
thrown [t:/workspace/open/src/hotspot/share/interpreter/linkResolver.cpp, line 767]

Events (20 events):
Event: 13248.094 loading class java/awt/image/BufferedImage$1 done
Event: 13248.095 loading class sun/awt/image/BufImgSurfaceData
Event: 13248.098 loading class sun/awt/image/BufImgSurfaceData done
Event: 13248.101 loading class sun/awt/image/BufImgSurfaceData$ICMColorData
Event: 13248.102 loading class sun/awt/image/BufImgSurfaceData$ICMColorData done
Event: 13248.102 loading class sun/java2d/loops/RenderLoops
Event: 13248.102 loading class sun/java2d/loops/RenderLoops done
Event: 13248.699 Executing VM operation: G1CollectForAllocation
Event: 13248.757 Executing VM operation: G1CollectForAllocation done
Event: 13248.805 Thread 0x0000026894dd2000 Thread added: 0x0000026894dd2000
Event: 13248.824 Thread 0x00000268949e3800 Thread added: 0x00000268949e3800
Event: 13248.832 Executing VM operation: G1CollectForAllocation
Event: 13248.909 Executing VM operation: G1CollectForAllocation done
Event: 13248.921 Executing VM operation: G1CollectForAllocation
Event: 13248.933 Executing VM operation: G1CollectForAllocation done
Event: 13248.945 loading class javax/swing/RepaintManager$DisplayChangedRunnable
Event: 13248.945 loading class javax/swing/RepaintManager$DisplayChangedRunnable done
Event: 13248.948 Executing VM operation: G1CollectForAllocation
Event: 13248.952 Executing VM operation: G1CollectForAllocation done
Event: 13248.981 Executing VM operation: G1Concurrent


Dynamic libraries:
0x00007ff60c0b0000 - 0x00007ff60c0bf000 	C:\Program Files\Java\jdk-13.0.1\bin\javaw.exe
0x00007ffa0f200000 - 0x00007ffa0f3f0000 	C:\WINDOWS\SYSTEM32\ntdll.dll
0x00007ffa0e010000 - 0x00007ffa0e0c2000 	C:\WINDOWS\System32\KERNEL32.DLL
0x00007ffa0c530000 - 0x00007ffa0c7d4000 	C:\WINDOWS\System32\KERNELBASE.dll
0x00007ffa0c1c0000 - 0x00007ffa0c2ba000 	C:\WINDOWS\System32\ucrtbase.dll
0x00007ff9f44b0000 - 0x00007ff9f44c8000 	C:\Program Files\Java\jdk-13.0.1\bin\jli.dll
0x00007ff9f49d0000 - 0x00007ff9f49e5000 	C:\Program Files\Java\jdk-13.0.1\bin\VCRUNTIME140.dll
0x00007ffa0d2b0000 - 0x00007ffa0d353000 	C:\WINDOWS\System32\ADVAPI32.dll
0x00007ffa0e840000 - 0x00007ffa0e8de000 	C:\WINDOWS\System32\msvcrt.dll
0x00007ffa0d5a0000 - 0x00007ffa0d637000 	C:\WINDOWS\System32\sechost.dll
0x00007ffa0dac0000 - 0x00007ffa0dbe0000 	C:\WINDOWS\System32\RPCRT4.dll
0x00007ffa0ddf0000 - 0x00007ffa0df84000 	C:\WINDOWS\System32\USER32.dll
0x00007ffa02910000 - 0x00007ffa02b94000 	C:\WINDOWS\WinSxS\amd64_microsoft.windows.common-controls_6595b64144ccf1df_6.0.18362.836_none_e6c4b943130f18ed\COMCTL32.dll
0x00007ffa0ca80000 - 0x00007ffa0caa1000 	C:\WINDOWS\System32\win32u.dll
0x00007ffa0d640000 - 0x00007ffa0d976000 	C:\WINDOWS\System32\combase.dll
0x00007ffa0d570000 - 0x00007ffa0d596000 	C:\WINDOWS\System32\GDI32.dll
0x00007ffa0d230000 - 0x00007ffa0d2b0000 	C:\WINDOWS\System32\bcryptPrimitives.dll
0x00007ffa0c320000 - 0x00007ffa0c4b4000 	C:\WINDOWS\System32\gdi32full.dll
0x00007ffa0c930000 - 0x00007ffa0c9ce000 	C:\WINDOWS\System32\msvcp_win.dll
0x00007ffa07dc0000 - 0x00007ffa07dca000 	C:\WINDOWS\SYSTEM32\VERSION.dll
0x00007ffa0f180000 - 0x00007ffa0f1ae000 	C:\WINDOWS\System32\IMM32.DLL
0x00007ff9f4120000 - 0x00007ff9f41bb000 	C:\Program Files\Java\jdk-13.0.1\bin\msvcp140.dll
0x00007ff9b9060000 - 0x00007ff9b9bc6000 	C:\Program Files\Java\jdk-13.0.1\bin\server\jvm.dll
0x00007ffa0f1b0000 - 0x00007ffa0f1b8000 	C:\WINDOWS\System32\PSAPI.DLL
0x00007ffa04ea0000 - 0x00007ffa04ec4000 	C:\WINDOWS\SYSTEM32\WINMM.dll
0x00007ffa08260000 - 0x00007ffa08269000 	C:\WINDOWS\SYSTEM32\WSOCK32.dll
0x00007ffa0e8e0000 - 0x00007ffa0e94f000 	C:\WINDOWS\System32\WS2_32.dll
0x00007ffa04e70000 - 0x00007ffa04e9d000 	C:\WINDOWS\SYSTEM32\WINMMBASE.dll
0x00007ffa0c4e0000 - 0x00007ffa0c52a000 	C:\WINDOWS\System32\cfgmgr32.dll
0x00007ffa0c0f0000 - 0x00007ffa0c101000 	C:\WINDOWS\System32\kernel.appcore.dll
0x00007ffa06790000 - 0x00007ffa067a0000 	C:\Program Files\Java\jdk-13.0.1\bin\verify.dll
0x00007ffa08060000 - 0x00007ffa08254000 	C:\WINDOWS\SYSTEM32\DBGHELP.DLL
0x00007ffa06ec0000 - 0x00007ffa06eea000 	C:\WINDOWS\SYSTEM32\dbgcore.DLL
0x00007ff9fa9c0000 - 0x00007ff9fa9e6000 	C:\Program Files\Java\jdk-13.0.1\bin\java.dll
0x00007ffa06550000 - 0x00007ffa06567000 	C:\Program Files\Java\jdk-13.0.1\bin\zip.dll
0x00007ffa06780000 - 0x00007ffa0678a000 	C:\Program Files\Java\jdk-13.0.1\bin\jimage.dll
0x00007ffa0ea90000 - 0x00007ffa0f174000 	C:\WINDOWS\System32\SHELL32.dll
0x00007ffa0d430000 - 0x00007ffa0d4d9000 	C:\WINDOWS\System32\shcore.dll
0x00007ffa0cab0000 - 0x00007ffa0d22e000 	C:\WINDOWS\System32\windows.storage.dll
0x00007ffa0c160000 - 0x00007ffa0c183000 	C:\WINDOWS\System32\profapi.dll
0x00007ffa0c110000 - 0x00007ffa0c15a000 	C:\WINDOWS\System32\powrprof.dll
0x00007ffa0c0c0000 - 0x00007ffa0c0d0000 	C:\WINDOWS\System32\UMPDC.dll
0x00007ffa0e0d0000 - 0x00007ffa0e122000 	C:\WINDOWS\System32\shlwapi.dll
0x00007ffa0c4c0000 - 0x00007ffa0c4d7000 	C:\WINDOWS\System32\cryptsp.dll
0x00007ffa04310000 - 0x00007ffa04329000 	C:\Program Files\Java\jdk-13.0.1\bin\net.dll
0x00007ffa04010000 - 0x00007ffa04100000 	C:\WINDOWS\SYSTEM32\WINHTTP.dll
0x00007ffa0b930000 - 0x00007ffa0b997000 	C:\WINDOWS\system32\mswsock.dll
0x00007ff9f9a60000 - 0x00007ff9f9a73000 	C:\Program Files\Java\jdk-13.0.1\bin\nio.dll
0x00007ff9d0620000 - 0x00007ff9d07b9000 	C:\Program Files\Java\jdk-13.0.1\bin\awt.dll
0x00007ffa0d360000 - 0x00007ffa0d424000 	C:\WINDOWS\System32\OLEAUT32.dll
0x00007ffa08e70000 - 0x00007ffa09430000 	C:\WINDOWS\SYSTEM32\d2d1.dll
0x00007ffa0a250000 - 0x00007ffa0a2df000 	C:\WINDOWS\SYSTEM32\apphelp.dll
0x00007ffa0a970000 - 0x00007ffa0a99d000 	C:\WINDOWS\system32\DWMAPI.DLL
0x00007ffa0a340000 - 0x00007ffa0a3d9000 	C:\WINDOWS\system32\uxtheme.dll
0x00007ff9d2380000 - 0x00007ff9d24d6000 	C:\WINDOWS\system32\opengl32.dll
0x00007ff9f2fc0000 - 0x00007ff9f2fec000 	C:\WINDOWS\SYSTEM32\GLU32.dll
0x00007ffa0ad30000 - 0x00007ffa0ad50000 	C:\WINDOWS\SYSTEM32\dxcore.dll
0x00007ffa0e950000 - 0x00007ffa0ea86000 	C:\WINDOWS\System32\MSCTF.dll
0x00007ffa0e130000 - 0x00007ffa0e287000 	C:\WINDOWS\System32\ole32.dll
0x00007ff9f1310000 - 0x00007ff9f14d7000 	C:\WINDOWS\system32\d3d9.dll
0x00007ff9ff090000 - 0x00007ff9ff17e000 	C:\WINDOWS\System32\DriverStore\FileRepository\nvdm.inf_amd64_467453e195c891cd\nvldumdx.dll
0x00007ffa0c7e0000 - 0x00007ffa0c929000 	C:\WINDOWS\System32\crypt32.dll
0x00007ffa0c0d0000 - 0x00007ffa0c0e2000 	C:\WINDOWS\System32\MSASN1.dll
0x00007ffa0c2c0000 - 0x00007ffa0c31c000 	C:\WINDOWS\System32\WINTRUST.DLL
0x00007ffa0e290000 - 0x00007ffa0e2ad000 	C:\WINDOWS\System32\imagehlp.dll
0x00007ffa0b4a0000 - 0x00007ffa0b4d3000 	C:\WINDOWS\system32\rsaenh.dll
0x00007ffa0c190000 - 0x00007ffa0c1b6000 	C:\WINDOWS\System32\bcrypt.dll
0x00007ffa0bb00000 - 0x00007ffa0bb0c000 	C:\WINDOWS\SYSTEM32\CRYPTBASE.dll
0x00007ff9b5240000 - 0x00007ff9b66db000 	C:\WINDOWS\System32\DriverStore\FileRepository\nvdm.inf_amd64_467453e195c891cd\nvd3dumx.dll
0x00007ffa07d50000 - 0x00007ffa07d7f000 	C:\WINDOWS\system32\cryptnet.dll
0x00007ffa0ace0000 - 0x00007ffa0ad02000 	C:\WINDOWS\SYSTEM32\gpapi.dll
0x00007ff9f2ef0000 - 0x00007ff9f2f72000 	C:\Program Files\Java\jdk-13.0.1\bin\freetype.dll
0x00007ff9f23b0000 - 0x00007ff9f2456000 	C:\Program Files\Java\jdk-13.0.1\bin\fontmanager.dll
0x00007ff9fa0e0000 - 0x00007ff9fa17e000 	C:\WINDOWS\System32\TextInputFramework.dll
0x00007ffa02bf0000 - 0x00007ffa02f1a000 	C:\WINDOWS\System32\CoreUIComponents.dll
0x00007ffa0a040000 - 0x00007ffa0a114000 	C:\WINDOWS\System32\CoreMessaging.dll
0x00007ffa0b120000 - 0x00007ffa0b151000 	C:\WINDOWS\SYSTEM32\ntmarta.dll
0x00007ffa08410000 - 0x00007ffa08563000 	C:\WINDOWS\SYSTEM32\wintypes.dll
0x00007ff9fa660000 - 0x00007ff9fa906000 	C:\WINDOWS\System32\iertutil.dll
0x00007ffa0e2b0000 - 0x00007ffa0e352000 	C:\WINDOWS\System32\clbcatq.dll
0x00007ffa024d0000 - 0x00007ffa0267f000 	C:\WINDOWS\SYSTEM32\WindowsCodecs.dll
0x00007ff9e9e20000 - 0x00007ff9e9e5a000 	C:\WINDOWS\system32\dataexchange.dll
0x00007ffa09430000 - 0x00007ffa0968b000 	C:\WINDOWS\system32\d3d11.dll
0x00007ffa09af0000 - 0x00007ffa09ccc000 	C:\WINDOWS\system32\dcomp.dll
0x00007ffa0adc0000 - 0x00007ffa0aeab000 	C:\WINDOWS\system32\dxgi.dll
0x00007ffa0a500000 - 0x00007ffa0a761000 	C:\WINDOWS\system32\twinapi.appcore.dll
0x00007ffa0a940000 - 0x00007ffa0a969000 	C:\WINDOWS\system32\RMCLIENT.dll

dbghelp: loaded successfully - version: 4.0.5 - missing functions: none
symbol engine: initialized successfully - sym options: 0x614 - pdb path: .;C:\Program Files\Java\jdk-13.0.1\bin;C:\WINDOWS\SYSTEM32;C:\WINDOWS\WinSxS\amd64_microsoft.windows.common-controls_6595b64144ccf1df_6.0.18362.836_none_e6c4b943130f18ed;C:\Program Files\Java\jdk-13.0.1\bin\server;C:\WINDOWS\System32\DriverStore\FileRepository\nvdm.inf_amd64_467453e195c891cd

VM Arguments:
jvm_args: -Dfile.encoding=Cp1252 
java_command: GameView.FirstWindow
java_class_path (initial): C:\Users\DELL\Desktop\for try\HS-M2\bin;C:\Users\DELL\.p2\pool\plugins\org.junit.jupiter.api_5.5.1.v20190826-0900.jar;C:\Users\DELL\.p2\pool\plugins\org.junit.jupiter.engine_5.5.1.v20190826-0900.jar;C:\Users\DELL\.p2\pool\plugins\org.junit.jupiter.migrationsupport_5.5.1.v20190826-0900.jar;C:\Users\DELL\.p2\pool\plugins\org.junit.jupiter.params_5.5.1.v20190826-0900.jar;C:\Users\DELL\.p2\pool\plugins\org.junit.platform.commons_1.5.1.v20190826-0900.jar;C:\Users\DELL\.p2\pool\plugins\org.junit.platform.engine_1.5.1.v20190826-0900.jar;C:\Users\DELL\.p2\pool\plugins\org.junit.platform.launcher_1.5.1.v20190826-0900.jar;C:\Users\DELL\.p2\pool\plugins\org.junit.platform.runner_1.5.1.v20190826-0900.jar;C:\Users\DELL\.p2\pool\plugins\org.junit.platform.suite.api_1.5.1.v20190826-0900.jar;C:\Users\DELL\.p2\pool\plugins\org.junit.vintage.engine_5.5.1.v20190826-0900.jar;C:\Users\DELL\.p2\pool\plugins\org.opentest4j_1.2.0.v20190826-0900.jar;C:\Users\DELL\.p2\pool\plugins\org.apiguardian_1.1.0.v20190826-0900.jar;C:\Users\DELL\.p2\pool\plugins\org.junit_4.12.0.v201504281640\junit.jar;C:\Users\DELL\.p2\pool\plugins\org.hamcrest.core_1.3.0.v20180420-1519.jar
Launcher Type: SUN_STANDARD

[Global flags]
     intx CICompilerCount                          = 4                                         {product} {ergonomic}
     uint ConcGCThreads                            = 2                                         {product} {ergonomic}
     uint G1ConcRefinementThreads                  = 8                                         {product} {ergonomic}
   size_t G1HeapRegionSize                         = 1048576                                   {product} {ergonomic}
    uintx GCDrainStackTargetSize                   = 64                                        {product} {ergonomic}
   size_t InitialHeapSize                          = 268435456                                 {product} {ergonomic}
   size_t MarkStackSize                            = 4194304                                   {product} {ergonomic}
   size_t MaxHeapSize                              = 4278190080                                {product} {ergonomic}
   size_t MaxNewSize                               = 2566914048                                {product} {ergonomic}
   size_t MinHeapDeltaBytes                        = 1048576                                   {product} {ergonomic}
   size_t MinHeapSize                              = 8388608                                   {product} {ergonomic}
    uintx NonNMethodCodeHeapSize                   = 5836300                                {pd product} {ergonomic}
    uintx NonProfiledCodeHeapSize                  = 122910970                              {pd product} {ergonomic}
    uintx ProfiledCodeHeapSize                     = 122910970                              {pd product} {ergonomic}
    uintx ReservedCodeCacheSize                    = 251658240                              {pd product} {ergonomic}
     bool SegmentedCodeCache                       = true                                      {product} {ergonomic}
   size_t SoftMaxHeapSize                          = 4278190080                             {manageable} {ergonomic}
     bool UseCompressedClassPointers               = true                                 {lp64_product} {ergonomic}
     bool UseCompressedOops                        = true                                 {lp64_product} {ergonomic}
     bool UseG1GC                                  = true                                      {product} {ergonomic}
     bool UseLargePagesIndividualAllocation        = false                                  {pd product} {ergonomic}

Logging:
Log output configuration:
 #0: stdout all=warning uptime,level,tags
 #1: stderr all=off uptime,level,tags

Environment Variables:
PATH=C:/Program Files/Java/jdk-13.0.1/bin/server;C:/Program Files/Java/jdk-13.0.1/bin;C:\Windows\system32;C:\Windows;C:\Windows\System32\Wbem;C:\Windows\System32\WindowsPowerShell\v1.0\;C:\Program Files (x86)\Intel\Intel(R) Management Engine Components\DAL;C:\Program Files\Intel\Intel(R) Management Engine Components\DAL;C:\Program Files\Intel\WiFi\bin\;C:\Program Files\Common Files\Intel\WirelessCommon\;C:\Program Files (x86)\NVIDIA Corporation\PhysX\Common;%SystemRoot%\system32;%SystemRoot%;%SystemRoot%\System32\Wbem;%SYSTEMROOT%\System32\WindowsPowerShell\v1.0\;%SYSTEMROOT%\System32\OpenSSH\;C:\Users\DELL\AppData\Local\Microsoft\WindowsApps;;C:\Users\DELL\Desktop;
USERNAME=DELL
OS=Windows_NT
PROCESSOR_IDENTIFIER=Intel64 Family 6 Model 94 Stepping 3, GenuineIntel



---------------  S Y S T E M  ---------------

OS: Windows 10 , 64 bit Build 18362 (10.0.18362.778)

CPU:total 8 (initial active 8) (4 cores per cpu, 2 threads per core) family 6 model 94 stepping 3, cmov, cx8, fxsr, mmx, sse, sse2, sse3, ssse3, sse4.1, sse4.2, popcnt, avx, avx2, aes, clmul, erms, rtm, 3dnowpref, lzcnt, ht, tsc, tscinvbit, bmi1, bmi2, adx, fma

Memory: 4k page, system-wide physical 16315M (2729M free)
TotalPageFile size 46699M (AvailPageFile size 6M)
current process WorkingSet (physical memory assigned to process): 354M, peak: 805M
current process commit charge ("private bytes"): 1171M, peak: 1183M

vm_info: Java HotSpot(TM) 64-Bit Server VM (13.0.1+9) for windows-amd64 JRE (13.0.1+9), built on Oct  6 2019 12:37:49 by "mach5one" with unknown MS VC++:1916

END.
